{"/Users/hello/Documents/wizkid/wizkid/src/app.js":{"path":"/Users/hello/Documents/wizkid/wizkid/src/app.js","statementMap":{"0":{"start":{"line":3,"column":0},"end":{"line":5,"column":3}},"1":{"start":{"line":6,"column":0},"end":{"line":6,"column":25}},"2":{"start":{"line":7,"column":14},"end":{"line":7,"column":31}},"3":{"start":{"line":8,"column":15},"end":{"line":8,"column":57}},"4":{"start":{"line":9,"column":18},"end":{"line":9,"column":64}},"5":{"start":{"line":10,"column":20},"end":{"line":10,"column":68}},"6":{"start":{"line":11,"column":12},"end":{"line":11,"column":51}},"7":{"start":{"line":12,"column":14},"end":{"line":12,"column":57}},"8":{"start":{"line":13,"column":39},"end":{"line":13,"column":93}},"9":{"start":{"line":14,"column":0},"end":{"line":14,"column":22}},"10":{"start":{"line":15,"column":13},"end":{"line":15,"column":37}},"11":{"start":{"line":17,"column":12},"end":{"line":17,"column":35}},"12":{"start":{"line":18,"column":25},"end":{"line":23,"column":1}},"13":{"start":{"line":19,"column":2},"end":{"line":19,"column":49}},"14":{"start":{"line":20,"column":2},"end":{"line":20,"column":70}},"15":{"start":{"line":21,"column":2},"end":{"line":21,"column":61}},"16":{"start":{"line":22,"column":2},"end":{"line":22,"column":9}},"17":{"start":{"line":26,"column":0},"end":{"line":26,"column":26}},"18":{"start":{"line":27,"column":0},"end":{"line":27,"column":36}},"19":{"start":{"line":28,"column":0},"end":{"line":30,"column":4}},"20":{"start":{"line":31,"column":0},"end":{"line":31,"column":36}},"21":{"start":{"line":32,"column":0},"end":{"line":34,"column":4}},"22":{"start":{"line":35,"column":0},"end":{"line":35,"column":38}},"23":{"start":{"line":36,"column":21},"end":{"line":36,"column":58}},"24":{"start":{"line":39,"column":0},"end":{"line":44,"column":3}},"25":{"start":{"line":40,"column":2},"end":{"line":43,"column":5}},"26":{"start":{"line":45,"column":0},"end":{"line":45,"column":37}},"27":{"start":{"line":48,"column":0},"end":{"line":52,"column":3}},"28":{"start":{"line":49,"column":14},"end":{"line":49,"column":36}},"29":{"start":{"line":50,"column":2},"end":{"line":50,"column":19}},"30":{"start":{"line":51,"column":2},"end":{"line":51,"column":12}},"31":{"start":{"line":56,"column":0},"end":{"line":67,"column":1}},"32":{"start":{"line":57,"column":2},"end":{"line":66,"column":5}},"33":{"start":{"line":59,"column":4},"end":{"line":59,"column":27}},"34":{"start":{"line":60,"column":4},"end":{"line":65,"column":7}},"35":{"start":{"line":71,"column":0},"end":{"line":78,"column":3}},"36":{"start":{"line":72,"column":2},"end":{"line":77,"column":5}},"37":{"start":{"line":79,"column":0},"end":{"line":82,"column":3}},"38":{"start":{"line":80,"column":2},"end":{"line":80,"column":48}},"39":{"start":{"line":81,"column":2},"end":{"line":81,"column":53}},"40":{"start":{"line":83,"column":15},"end":{"line":83,"column":18}},"41":{"start":{"line":84,"column":0},"end":{"line":84,"column":27}}},"fnMap":{"0":{"name":"_interopRequireDefault","decl":{"start":{"line":13,"column":9},"end":{"line":13,"column":31}},"loc":{"start":{"line":13,"column":37},"end":{"line":13,"column":95}},"line":13},"1":{"name":"(anonymous_1)","decl":{"start":{"line":18,"column":25},"end":{"line":18,"column":26}},"loc":{"start":{"line":18,"column":45},"end":{"line":23,"column":1}},"line":18},"2":{"name":"(anonymous_2)","decl":{"start":{"line":39,"column":13},"end":{"line":39,"column":14}},"loc":{"start":{"line":39,"column":27},"end":{"line":44,"column":1}},"line":39},"3":{"name":"(anonymous_3)","decl":{"start":{"line":48,"column":8},"end":{"line":48,"column":9}},"loc":{"start":{"line":48,"column":28},"end":{"line":52,"column":1}},"line":48},"4":{"name":"(anonymous_4)","decl":{"start":{"line":57,"column":10},"end":{"line":57,"column":11}},"loc":{"start":{"line":57,"column":35},"end":{"line":66,"column":3}},"line":57},"5":{"name":"(anonymous_5)","decl":{"start":{"line":71,"column":8},"end":{"line":71,"column":9}},"loc":{"start":{"line":71,"column":33},"end":{"line":78,"column":1}},"line":71},"6":{"name":"(anonymous_6)","decl":{"start":{"line":79,"column":17},"end":{"line":79,"column":18}},"loc":{"start":{"line":79,"column":23},"end":{"line":82,"column":1}},"line":79}},"branchMap":{"0":{"loc":{"start":{"line":13,"column":46},"end":{"line":13,"column":92}},"type":"cond-expr","locations":[{"start":{"line":13,"column":70},"end":{"line":13,"column":73}},{"start":{"line":13,"column":76},"end":{"line":13,"column":92}}],"line":13},"1":{"loc":{"start":{"line":13,"column":46},"end":{"line":13,"column":67}},"type":"binary-expr","locations":[{"start":{"line":13,"column":46},"end":{"line":13,"column":49}},{"start":{"line":13,"column":53},"end":{"line":13,"column":67}}],"line":13},"2":{"loc":{"start":{"line":15,"column":13},"end":{"line":15,"column":37}},"type":"binary-expr","locations":[{"start":{"line":15,"column":13},"end":{"line":15,"column":29}},{"start":{"line":15,"column":33},"end":{"line":15,"column":37}}],"line":15},"3":{"loc":{"start":{"line":56,"column":0},"end":{"line":67,"column":1}},"type":"if","locations":[{"start":{"line":56,"column":0},"end":{"line":67,"column":1}},{"start":{"line":56,"column":0},"end":{"line":67,"column":1}}],"line":56},"4":{"loc":{"start":{"line":60,"column":15},"end":{"line":60,"column":32}},"type":"binary-expr","locations":[{"start":{"line":60,"column":15},"end":{"line":60,"column":25}},{"start":{"line":60,"column":29},"end":{"line":60,"column":32}}],"line":60},"5":{"loc":{"start":{"line":72,"column":13},"end":{"line":72,"column":30}},"type":"binary-expr","locations":[{"start":{"line":72,"column":13},"end":{"line":72,"column":23}},{"start":{"line":72,"column":27},"end":{"line":72,"column":30}}],"line":72}},"s":{"0":1,"1":1,"2":1,"3":1,"4":1,"5":1,"6":1,"7":1,"8":5,"9":1,"10":1,"11":1,"12":1,"13":3,"14":3,"15":3,"16":3,"17":1,"18":1,"19":1,"20":1,"21":1,"22":1,"23":1,"24":1,"25":0,"26":1,"27":1,"28":0,"29":0,"30":0,"31":1,"32":1,"33":0,"34":0,"35":1,"36":0,"37":1,"38":1,"39":1,"40":1,"41":1},"f":{"0":5,"1":3,"2":0,"3":0,"4":0,"5":0,"6":1},"b":{"0":[1,4],"1":[5,5],"2":[1,1],"3":[1,0],"4":[0,0],"5":[0,0]},"inputSourceMap":{"version":3,"names":["config","PORT","process","env","app","express","allowCrossDomain","req","res","next","header","use","bodyParser","json","urlencoded","extended","text","type","cookieParser","isProduction","NODE_ENV","get","status","success","message","router","err","Error","console","log","stack","errors","error","listen"],"sourceRoot":"/Users/hello/Documents/wizkid/wizkid/src/","sources":["app.js"],"sourcesContent":["import { config } from 'dotenv';\nimport express from 'express';\nimport bodyParser from 'body-parser';\nimport cookieParser from 'cookie-parser';\nimport path from 'path';\nimport router from './routes';\n\nconfig();\n\nconst PORT = process.env.PORT || 5000;\n// Create global app object\nconst app = express();\n\nconst allowCrossDomain = (req, res, next) => {\n  res.header('Access-Control-Allow-Origin', '*');\n  res.header('Access-Control-Allow-Methods', 'GET,PATCH,POST,DELETE');\n  res.header('Access-Control-Allow-Headers', 'Content-Type');\n  next();\n};\n\n// Normal express config defaults\napp.use(allowCrossDomain);\napp.use(bodyParser.json());\napp.use(bodyParser.urlencoded({ extended: false }));\napp.use(bodyParser.text());\napp.use(bodyParser.json({ type: 'application/json' }));\napp.use(cookieParser());\n\nconst isProduction = process.env.NODE_ENV === 'production';\n\n// base route response\napp.get('/', (req, res) => {\n  res.status(200).json({\n    success: 'true',\n    message: 'Welcome to Wizkid POC API'\n  })\n});\n\napp.use('/api/v1/', router);\n\n// catch 404 and forward to error handler\napp.use((req, res, next) => {\n  const err = new Error('Not Found');\n  err.status = 404;\n  next(err);\n});\n\n// development error handler\n// will print stacktrace\nif (!isProduction) {\n  app.use((err, req, res, next) => {\n    // eslint-disable-next-line no-console\n    console.log(err.stack);\n    res.status(err.status || 500).json({\n      errors: {\n        message: err.message,\n        error: err,\n      },\n    });\n  });\n}\n\n// production error handler\n// no stacktraces leaked to user\napp.use((err, req, res, next) => {\n  res.status(err.status || 500).json({\n    errors: {\n      message: err.message,\n      error: {},\n    },\n  });\n});\n\n\napp.listen(PORT, () => {\n  console.log(`server running on port ${PORT}`);\n  console.log(`base url: http://localhost:${PORT}/`)\n});\n\nexport default app;\n"],"mappings":";;;;;;AAAA;AACA;AACA;AACA;AACA;AACA;AAA8B;AAE9B,IAAAA,cAAM,GAAE;AAER,MAAMC,IAAI,GAAGC,OAAO,CAACC,GAAG,CAACF,IAAI,IAAI,IAAI;AACrC;AACA,MAAMG,GAAG,GAAG,IAAAC,gBAAO,GAAE;AAErB,MAAMC,gBAAgB,GAAG,CAACC,GAAG,EAAEC,GAAG,EAAEC,IAAI,KAAK;EAC3CD,GAAG,CAACE,MAAM,CAAC,6BAA6B,EAAE,GAAG,CAAC;EAC9CF,GAAG,CAACE,MAAM,CAAC,8BAA8B,EAAE,uBAAuB,CAAC;EACnEF,GAAG,CAACE,MAAM,CAAC,8BAA8B,EAAE,cAAc,CAAC;EAC1DD,IAAI,EAAE;AACR,CAAC;;AAED;AACAL,GAAG,CAACO,GAAG,CAACL,gBAAgB,CAAC;AACzBF,GAAG,CAACO,GAAG,CAACC,mBAAU,CAACC,IAAI,EAAE,CAAC;AAC1BT,GAAG,CAACO,GAAG,CAACC,mBAAU,CAACE,UAAU,CAAC;EAAEC,QAAQ,EAAE;AAAM,CAAC,CAAC,CAAC;AACnDX,GAAG,CAACO,GAAG,CAACC,mBAAU,CAACI,IAAI,EAAE,CAAC;AAC1BZ,GAAG,CAACO,GAAG,CAACC,mBAAU,CAACC,IAAI,CAAC;EAAEI,IAAI,EAAE;AAAmB,CAAC,CAAC,CAAC;AACtDb,GAAG,CAACO,GAAG,CAAC,IAAAO,qBAAY,GAAE,CAAC;AAEvB,MAAMC,YAAY,GAAGjB,OAAO,CAACC,GAAG,CAACiB,QAAQ,KAAK,YAAY;;AAE1D;AACAhB,GAAG,CAACiB,GAAG,CAAC,GAAG,EAAE,CAACd,GAAG,EAAEC,GAAG,KAAK;EACzBA,GAAG,CAACc,MAAM,CAAC,GAAG,CAAC,CAACT,IAAI,CAAC;IACnBU,OAAO,EAAE,MAAM;IACfC,OAAO,EAAE;EACX,CAAC,CAAC;AACJ,CAAC,CAAC;AAEFpB,GAAG,CAACO,GAAG,CAAC,UAAU,EAAEc,eAAM,CAAC;;AAE3B;AACArB,GAAG,CAACO,GAAG,CAAC,CAACJ,GAAG,EAAEC,GAAG,EAAEC,IAAI,KAAK;EAC1B,MAAMiB,GAAG,GAAG,IAAIC,KAAK,CAAC,WAAW,CAAC;EAClCD,GAAG,CAACJ,MAAM,GAAG,GAAG;EAChBb,IAAI,CAACiB,GAAG,CAAC;AACX,CAAC,CAAC;;AAEF;AACA;AACA,IAAI,CAACP,YAAY,EAAE;EACjBf,GAAG,CAACO,GAAG,CAAC,CAACe,GAAG,EAAEnB,GAAG,EAAEC,GAAG,EAAEC,IAAI,KAAK;IAC/B;IACAmB,OAAO,CAACC,GAAG,CAACH,GAAG,CAACI,KAAK,CAAC;IACtBtB,GAAG,CAACc,MAAM,CAACI,GAAG,CAACJ,MAAM,IAAI,GAAG,CAAC,CAACT,IAAI,CAAC;MACjCkB,MAAM,EAAE;QACNP,OAAO,EAAEE,GAAG,CAACF,OAAO;QACpBQ,KAAK,EAAEN;MACT;IACF,CAAC,CAAC;EACJ,CAAC,CAAC;AACJ;;AAEA;AACA;AACAtB,GAAG,CAACO,GAAG,CAAC,CAACe,GAAG,EAAEnB,GAAG,EAAEC,GAAG,EAAEC,IAAI,KAAK;EAC/BD,GAAG,CAACc,MAAM,CAACI,GAAG,CAACJ,MAAM,IAAI,GAAG,CAAC,CAACT,IAAI,CAAC;IACjCkB,MAAM,EAAE;MACNP,OAAO,EAAEE,GAAG,CAACF,OAAO;MACpBQ,KAAK,EAAE,CAAC;IACV;EACF,CAAC,CAAC;AACJ,CAAC,CAAC;AAGF5B,GAAG,CAAC6B,MAAM,CAAChC,IAAI,EAAE,MAAM;EACrB2B,OAAO,CAACC,GAAG,CAAE,0BAAyB5B,IAAK,EAAC,CAAC;EAC7C2B,OAAO,CAACC,GAAG,CAAE,8BAA6B5B,IAAK,GAAE,CAAC;AACpD,CAAC,CAAC;AAAC,eAEYG,GAAG;AAAA"},"_coverageSchema":"1a1c01bbd47fc00a2c39e90264f33305004495a9","hash":"fe7268807cf7ff330328a66e76760394e9104442","contentHash":"3903075c3acd559d79a9ba4b2119d87260bc4188de7d21e5d1379b3709f31087"},"/Users/hello/Documents/wizkid/wizkid/src/routes/index.js":{"path":"/Users/hello/Documents/wizkid/wizkid/src/routes/index.js","statementMap":{"0":{"start":{"line":3,"column":0},"end":{"line":5,"column":3}},"1":{"start":{"line":6,"column":0},"end":{"line":6,"column":25}},"2":{"start":{"line":7,"column":15},"end":{"line":7,"column":33}},"3":{"start":{"line":8,"column":12},"end":{"line":8,"column":57}},"4":{"start":{"line":9,"column":20},"end":{"line":9,"column":73}},"5":{"start":{"line":10,"column":39},"end":{"line":10,"column":93}},"6":{"start":{"line":11,"column":15},"end":{"line":11,"column":36}},"7":{"start":{"line":12,"column":0},"end":{"line":12,"column":35}},"8":{"start":{"line":13,"column":0},"end":{"line":13,"column":51}},"9":{"start":{"line":14,"column":15},"end":{"line":14,"column":21}},"10":{"start":{"line":15,"column":0},"end":{"line":15,"column":27}}},"fnMap":{"0":{"name":"_interopRequireDefault","decl":{"start":{"line":10,"column":9},"end":{"line":10,"column":31}},"loc":{"start":{"line":10,"column":37},"end":{"line":10,"column":95}},"line":10}},"branchMap":{"0":{"loc":{"start":{"line":10,"column":46},"end":{"line":10,"column":92}},"type":"cond-expr","locations":[{"start":{"line":10,"column":70},"end":{"line":10,"column":73}},{"start":{"line":10,"column":76},"end":{"line":10,"column":92}}],"line":10},"1":{"loc":{"start":{"line":10,"column":46},"end":{"line":10,"column":67}},"type":"binary-expr","locations":[{"start":{"line":10,"column":46},"end":{"line":10,"column":49}},{"start":{"line":10,"column":53},"end":{"line":10,"column":67}}],"line":10}},"s":{"0":1,"1":1,"2":1,"3":1,"4":1,"5":2,"6":1,"7":1,"8":1,"9":1,"10":1},"f":{"0":2},"b":{"0":[2,0],"1":[2,2]},"inputSourceMap":{"version":3,"names":["router","Router","use","authRoutes","transactionsRoutes"],"sourceRoot":"/Users/hello/Documents/wizkid/wizkid/src/routes/","sources":["index.js"],"sourcesContent":["import { Router } from 'express';\nimport authRoutes from './api/auth';\nimport transactionsRoutes from './api/transactions';\n\nconst router = new Router();\nrouter.use('/auth', authRoutes);\nrouter.use('/transactions', transactionsRoutes);\n\nexport default router;"],"mappings":";;;;;;AAAA;AACA;AACA;AAAoD;AAEpD,MAAMA,MAAM,GAAG,IAAIC,eAAM,EAAE;AAC3BD,MAAM,CAACE,GAAG,CAAC,OAAO,EAAEC,aAAU,CAAC;AAC/BH,MAAM,CAACE,GAAG,CAAC,eAAe,EAAEE,qBAAkB,CAAC;AAAC,eAEjCJ,MAAM;AAAA"},"_coverageSchema":"1a1c01bbd47fc00a2c39e90264f33305004495a9","hash":"c08129ca1fb681fff866ef61fb49eb39c0711371","contentHash":"742f2688297f697441e86609fd00d116a68ff5f0a30d3570b965bcc225ab1bad"},"/Users/hello/Documents/wizkid/wizkid/src/routes/api/auth.js":{"path":"/Users/hello/Documents/wizkid/wizkid/src/routes/api/auth.js","statementMap":{"0":{"start":{"line":3,"column":0},"end":{"line":5,"column":3}},"1":{"start":{"line":6,"column":0},"end":{"line":6,"column":25}},"2":{"start":{"line":7,"column":15},"end":{"line":7,"column":57}},"3":{"start":{"line":8,"column":19},"end":{"line":8,"column":47}},"4":{"start":{"line":9,"column":19},"end":{"line":9,"column":71}},"5":{"start":{"line":10,"column":39},"end":{"line":10,"column":93}},"6":{"start":{"line":14,"column":4},"end":{"line":14,"column":24}},"7":{"start":{"line":17,"column":4},"end":{"line":17,"column":31}},"8":{"start":{"line":18,"column":15},"end":{"line":18,"column":40}},"9":{"start":{"line":21,"column":0},"end":{"line":21,"column":56}},"10":{"start":{"line":22,"column":15},"end":{"line":22,"column":21}},"11":{"start":{"line":23,"column":0},"end":{"line":23,"column":27}}},"fnMap":{"0":{"name":"_interopRequireDefault","decl":{"start":{"line":10,"column":9},"end":{"line":10,"column":31}},"loc":{"start":{"line":10,"column":37},"end":{"line":10,"column":95}},"line":10}},"branchMap":{"0":{"loc":{"start":{"line":10,"column":46},"end":{"line":10,"column":92}},"type":"cond-expr","locations":[{"start":{"line":10,"column":70},"end":{"line":10,"column":73}},{"start":{"line":10,"column":76},"end":{"line":10,"column":92}}],"line":10},"1":{"loc":{"start":{"line":10,"column":46},"end":{"line":10,"column":67}},"type":"binary-expr","locations":[{"start":{"line":10,"column":46},"end":{"line":10,"column":49}},{"start":{"line":10,"column":53},"end":{"line":10,"column":67}}],"line":10}},"s":{"0":1,"1":1,"2":1,"3":1,"4":1,"5":2,"6":1,"7":1,"8":1,"9":1,"10":1,"11":1},"f":{"0":2},"b":{"0":[1,1],"1":[2,2]},"inputSourceMap":{"version":3,"names":["Authenticate","validate","middleware","signInUser","AuthController","router","express","Router","post"],"sourceRoot":"/Users/hello/Documents/wizkid/wizkid/src/routes/api/","sources":["auth.js"],"sourcesContent":["import express from 'express';\nimport { AuthController } from '../../controllers';\nimport middleware from '../../middlewares';\n\nconst { Authenticate, validate } = middleware;\n\nconst {\n  signInUser\n} = AuthController;\n\nconst router = express.Router();\n\n// router.post('/sign_up', validate('signUp'), signUpUser);\nrouter.post('/sign_in', validate('signIn'), signInUser);\n\nexport default router;"],"mappings":";;;;;;AAAA;AACA;AACA;AAA2C;AAE3C,MAAM;EAAEA,YAAY;EAAEC;AAAS,CAAC,GAAGC,oBAAU;AAE7C,MAAM;EACJC;AACF,CAAC,GAAGC,2BAAc;AAElB,MAAMC,MAAM,GAAGC,gBAAO,CAACC,MAAM,EAAE;;AAE/B;AACAF,MAAM,CAACG,IAAI,CAAC,UAAU,EAAEP,QAAQ,CAAC,QAAQ,CAAC,EAAEE,UAAU,CAAC;AAAC,eAEzCE,MAAM;AAAA"},"_coverageSchema":"1a1c01bbd47fc00a2c39e90264f33305004495a9","hash":"f0909a916d9798ccacd4b170e900a152e909e044","contentHash":"7584ac0aa0528b39dd64b4ae24a706fcaddd2e333ea393ecf20e273c2d0c479b"},"/Users/hello/Documents/wizkid/wizkid/src/controllers/index.js":{"path":"/Users/hello/Documents/wizkid/wizkid/src/controllers/index.js","statementMap":{"0":{"start":{"line":3,"column":0},"end":{"line":5,"column":3}},"1":{"start":{"line":6,"column":0},"end":{"line":11,"column":3}},"2":{"start":{"line":9,"column":4},"end":{"line":9,"column":25}},"3":{"start":{"line":12,"column":0},"end":{"line":17,"column":3}},"4":{"start":{"line":15,"column":4},"end":{"line":15,"column":33}},"5":{"start":{"line":18,"column":12},"end":{"line":18,"column":53}},"6":{"start":{"line":19,"column":20},"end":{"line":19,"column":69}},"7":{"start":{"line":20,"column":39},"end":{"line":20,"column":93}}},"fnMap":{"0":{"name":"(anonymous_0)","decl":{"start":{"line":8,"column":7},"end":{"line":8,"column":8}},"loc":{"start":{"line":8,"column":19},"end":{"line":10,"column":3}},"line":8},"1":{"name":"(anonymous_1)","decl":{"start":{"line":14,"column":7},"end":{"line":14,"column":8}},"loc":{"start":{"line":14,"column":19},"end":{"line":16,"column":3}},"line":14},"2":{"name":"_interopRequireDefault","decl":{"start":{"line":20,"column":9},"end":{"line":20,"column":31}},"loc":{"start":{"line":20,"column":37},"end":{"line":20,"column":95}},"line":20}},"branchMap":{"0":{"loc":{"start":{"line":20,"column":46},"end":{"line":20,"column":92}},"type":"cond-expr","locations":[{"start":{"line":20,"column":70},"end":{"line":20,"column":73}},{"start":{"line":20,"column":76},"end":{"line":20,"column":92}}],"line":20},"1":{"loc":{"start":{"line":20,"column":46},"end":{"line":20,"column":67}},"type":"binary-expr","locations":[{"start":{"line":20,"column":46},"end":{"line":20,"column":49}},{"start":{"line":20,"column":53},"end":{"line":20,"column":67}}],"line":20}},"s":{"0":1,"1":1,"2":2,"3":1,"4":1,"5":1,"6":1,"7":2},"f":{"0":2,"1":1,"2":2},"b":{"0":[2,0],"1":[2,2]},"inputSourceMap":{"version":3,"names":[],"sourceRoot":"/Users/hello/Documents/wizkid/wizkid/src/controllers/","sources":["index.js"],"sourcesContent":["import AuthController from './auth';\nimport TransactionsController from './transactions';\n\nexport { AuthController, TransactionsController };"],"mappings":";;;;;;;;;;;;;;;;;AAAA;AACA;AAAoD"},"_coverageSchema":"1a1c01bbd47fc00a2c39e90264f33305004495a9","hash":"29f37136f63e3043e25e05c9bc22ba5e2c164f77","contentHash":"b37fcbca62c41a1db77d9aa13a82e540be9e844d4d56e2fde150cbc3fdec8a93"},"/Users/hello/Documents/wizkid/wizkid/src/controllers/auth.js":{"path":"/Users/hello/Documents/wizkid/wizkid/src/controllers/auth.js","statementMap":{"0":{"start":{"line":3,"column":0},"end":{"line":5,"column":3}},"1":{"start":{"line":6,"column":0},"end":{"line":6,"column":25}},"2":{"start":{"line":7,"column":14},"end":{"line":7,"column":58}},"3":{"start":{"line":8,"column":13},"end":{"line":8,"column":38}},"4":{"start":{"line":9,"column":39},"end":{"line":9,"column":93}},"5":{"start":{"line":12,"column":18},"end":{"line":12,"column":36}},"6":{"start":{"line":28,"column":4},"end":{"line":70,"column":5}},"7":{"start":{"line":32,"column":10},"end":{"line":32,"column":18}},"8":{"start":{"line":33,"column":19},"end":{"line":38,"column":8}},"9":{"start":{"line":39,"column":6},"end":{"line":41,"column":7}},"10":{"start":{"line":40,"column":8},"end":{"line":40,"column":106}},"11":{"start":{"line":53,"column":10},"end":{"line":53,"column":14}},"12":{"start":{"line":54,"column":23},"end":{"line":61,"column":7}},"13":{"start":{"line":62,"column":20},"end":{"line":66,"column":19}},"14":{"start":{"line":67,"column":6},"end":{"line":67,"column":124}},"15":{"start":{"line":69,"column":6},"end":{"line":69,"column":102}},"16":{"start":{"line":73,"column":0},"end":{"line":73,"column":33}}},"fnMap":{"0":{"name":"_interopRequireDefault","decl":{"start":{"line":9,"column":9},"end":{"line":9,"column":31}},"loc":{"start":{"line":9,"column":37},"end":{"line":9,"column":95}},"line":9},"1":{"name":"(anonymous_1)","decl":{"start":{"line":27,"column":2},"end":{"line":27,"column":3}},"loc":{"start":{"line":27,"column":36},"end":{"line":71,"column":3}},"line":27}},"branchMap":{"0":{"loc":{"start":{"line":9,"column":46},"end":{"line":9,"column":92}},"type":"cond-expr","locations":[{"start":{"line":9,"column":70},"end":{"line":9,"column":73}},{"start":{"line":9,"column":76},"end":{"line":9,"column":92}}],"line":9},"1":{"loc":{"start":{"line":9,"column":46},"end":{"line":9,"column":67}},"type":"binary-expr","locations":[{"start":{"line":9,"column":46},"end":{"line":9,"column":49}},{"start":{"line":9,"column":53},"end":{"line":9,"column":67}}],"line":9},"2":{"loc":{"start":{"line":39,"column":6},"end":{"line":41,"column":7}},"type":"if","locations":[{"start":{"line":39,"column":6},"end":{"line":41,"column":7}},{"start":{"line":39,"column":6},"end":{"line":41,"column":7}}],"line":39}},"s":{"0":1,"1":1,"2":1,"3":1,"4":1,"5":1,"6":1,"7":1,"8":1,"9":1,"10":0,"11":1,"12":1,"13":1,"14":1,"15":0,"16":1},"f":{"0":1,"1":1},"b":{"0":[0,1],"1":[1,1],"2":[0,1]},"inputSourceMap":{"version":3,"names":["secretKey","process","env","SECRET","AuthController","signInUser","req","res","branch","login_ID","body","user","models","users","findOne","where","errorResponse","status","unauthorized","messages","signIn","invalid","id","image_url","first_name","last_name","response","token","Jwt","generateToken","successResponse","success","error"],"sourceRoot":"/Users/hello/Documents/wizkid/wizkid/src/controllers/","sources":["auth.js"],"sourcesContent":["/* eslint-disable camelcase */\nimport models from '../models';\nimport {\n  status, messages, hashPassword, successResponse, errorResponse, \n  conflictResponse, Jwt, bcrypt\n} from '../utils/index';\n\nconst secretKey = process.env.SECRET;\n\n/**\n * @class AuthController\n * @description Controller for User Authentication\n * @exports AuthController\n */\nexport default class AuthController {\n\n  /**\n   * @method signInUser\n   * @description Method for learners sign in\n   * @param {object} req - The Request Object\n   * @param {object} res - The Response Object\n   * @returns {object} response body object\n   */\n  static async signInUser(req, res) {\n    try {\n      const { branch, login_ID } = req.body;\n      const user = await models.users.findOne({ where: {branch, login_ID } });\n      if (!user) {\n        return errorResponse(res, status.unauthorized, messages.signIn.invalid);\n      }\n      /*\n        const isPasswordValid = await bcrypt.comparePassword(user.password, password);\n\n        if (!isPasswordValid) {\n          return errorResponse(res, status.unauthorized, messages.signIn.invalid);\n        }\n      */\n      const {\n        id, image_url, first_name, last_name\n      } = user;\n      const response = {\n        id, branch, login_ID, image_url, first_name, last_name\n      };\n     \n      const token = await Jwt.generateToken({ branch, login_ID, first_name }, secretKey);\n      return successResponse(res, status.success, true, messages.signIn.success, response, token);\n    } catch (error) {\n      return errorResponse(res, status.error, false, messages.signIn.error);\n    }\n  }\n}"],"mappings":";;;;;;AACA;AACA;AAGwB;AALxB;;AAOA,MAAMA,SAAS,GAAGC,OAAO,CAACC,GAAG,CAACC,MAAM;;AAEpC;AACA;AACA;AACA;AACA;AACe,MAAMC,cAAc,CAAC;EAElC;AACF;AACA;AACA;AACA;AACA;AACA;EACE,aAAaC,UAAU,CAACC,GAAG,EAAEC,GAAG,EAAE;IAChC,IAAI;MACF,MAAM;QAAEC,MAAM;QAAEC;MAAS,CAAC,GAAGH,GAAG,CAACI,IAAI;MACrC,MAAMC,IAAI,GAAG,MAAMC,eAAM,CAACC,KAAK,CAACC,OAAO,CAAC;QAAEC,KAAK,EAAE;UAACP,MAAM;UAAEC;QAAS;MAAE,CAAC,CAAC;MACvE,IAAI,CAACE,IAAI,EAAE;QACT,OAAO,IAAAK,oBAAa,EAACT,GAAG,EAAEU,aAAM,CAACC,YAAY,EAAEC,eAAQ,CAACC,MAAM,CAACC,OAAO,CAAC;MACzE;MACA;AACN;AACA;AACA;AACA;AACA;MAEM,MAAM;QACJC,EAAE;QAAEC,SAAS;QAAEC,UAAU;QAAEC;MAC7B,CAAC,GAAGd,IAAI;MACR,MAAMe,QAAQ,GAAG;QACfJ,EAAE;QAAEd,MAAM;QAAEC,QAAQ;QAAEc,SAAS;QAAEC,UAAU;QAAEC;MAC/C,CAAC;MAED,MAAME,KAAK,GAAG,MAAMC,UAAG,CAACC,aAAa,CAAC;QAAErB,MAAM;QAAEC,QAAQ;QAAEe;MAAW,CAAC,EAAExB,SAAS,CAAC;MAClF,OAAO,IAAA8B,sBAAe,EAACvB,GAAG,EAAEU,aAAM,CAACc,OAAO,EAAE,IAAI,EAAEZ,eAAQ,CAACC,MAAM,CAACW,OAAO,EAAEL,QAAQ,EAAEC,KAAK,CAAC;IAC7F,CAAC,CAAC,OAAOK,KAAK,EAAE;MACd,OAAO,IAAAhB,oBAAa,EAACT,GAAG,EAAEU,aAAM,CAACe,KAAK,EAAE,KAAK,EAAEb,eAAQ,CAACC,MAAM,CAACY,KAAK,CAAC;IACvE;EACF;AACF;AAAC"},"_coverageSchema":"1a1c01bbd47fc00a2c39e90264f33305004495a9","hash":"1f5c3375f0b8baa64c51ce7962d8ecf6aca7543d","contentHash":"5994946feceedd3746a613038289b25e99fc1bc4e3cbcf05c10e3d9b09653356"},"/Users/hello/Documents/wizkid/wizkid/src/models/index.js":{"path":"/Users/hello/Documents/wizkid/wizkid/src/models/index.js","statementMap":{"0":{"start":{"line":3,"column":11},"end":{"line":3,"column":24}},"1":{"start":{"line":4,"column":13},"end":{"line":4,"column":28}},"2":{"start":{"line":5,"column":18},"end":{"line":5,"column":38}},"3":{"start":{"line":6,"column":17},"end":{"line":6,"column":42}},"4":{"start":{"line":7,"column":12},"end":{"line":7,"column":49}},"5":{"start":{"line":8,"column":15},"end":{"line":8,"column":75}},"6":{"start":{"line":9,"column":11},"end":{"line":9,"column":13}},"7":{"start":{"line":11,"column":0},"end":{"line":15,"column":1}},"8":{"start":{"line":12,"column":2},"end":{"line":12,"column":74}},"9":{"start":{"line":14,"column":2},"end":{"line":14,"column":87}},"10":{"start":{"line":16,"column":0},"end":{"line":21,"column":3}},"11":{"start":{"line":17,"column":2},"end":{"line":17,"column":82}},"12":{"start":{"line":19,"column":16},"end":{"line":19,"column":83}},"13":{"start":{"line":20,"column":2},"end":{"line":20,"column":25}},"14":{"start":{"line":22,"column":0},"end":{"line":26,"column":3}},"15":{"start":{"line":23,"column":2},"end":{"line":25,"column":3}},"16":{"start":{"line":24,"column":4},"end":{"line":24,"column":32}},"17":{"start":{"line":27,"column":0},"end":{"line":27,"column":25}},"18":{"start":{"line":28,"column":0},"end":{"line":28,"column":25}},"19":{"start":{"line":29,"column":0},"end":{"line":29,"column":20}}},"fnMap":{"0":{"name":"(anonymous_0)","decl":{"start":{"line":16,"column":33},"end":{"line":16,"column":34}},"loc":{"start":{"line":16,"column":41},"end":{"line":18,"column":1}},"line":16},"1":{"name":"(anonymous_1)","decl":{"start":{"line":18,"column":11},"end":{"line":18,"column":12}},"loc":{"start":{"line":18,"column":19},"end":{"line":21,"column":1}},"line":18},"2":{"name":"(anonymous_2)","decl":{"start":{"line":22,"column":24},"end":{"line":22,"column":25}},"loc":{"start":{"line":22,"column":37},"end":{"line":26,"column":1}},"line":22}},"branchMap":{"0":{"loc":{"start":{"line":7,"column":12},"end":{"line":7,"column":49}},"type":"binary-expr","locations":[{"start":{"line":7,"column":12},"end":{"line":7,"column":32}},{"start":{"line":7,"column":36},"end":{"line":7,"column":49}}],"line":7},"1":{"loc":{"start":{"line":11,"column":0},"end":{"line":15,"column":1}},"type":"if","locations":[{"start":{"line":11,"column":0},"end":{"line":15,"column":1}},{"start":{"line":11,"column":0},"end":{"line":15,"column":1}}],"line":11},"2":{"loc":{"start":{"line":17,"column":9},"end":{"line":17,"column":81}},"type":"binary-expr","locations":[{"start":{"line":17,"column":9},"end":{"line":17,"column":32}},{"start":{"line":17,"column":36},"end":{"line":17,"column":53}},{"start":{"line":17,"column":57},"end":{"line":17,"column":81}}],"line":17},"3":{"loc":{"start":{"line":23,"column":2},"end":{"line":25,"column":3}},"type":"if","locations":[{"start":{"line":23,"column":2},"end":{"line":25,"column":3}},{"start":{"line":23,"column":2},"end":{"line":25,"column":3}}],"line":23}},"s":{"0":1,"1":1,"2":1,"3":1,"4":1,"5":1,"6":1,"7":1,"8":0,"9":1,"10":1,"11":3,"12":2,"13":2,"14":1,"15":2,"16":0,"17":1,"18":1,"19":1},"f":{"0":3,"1":2,"2":2},"b":{"0":[1,1],"1":[0,1],"2":[3,3,2],"3":[0,2]},"inputSourceMap":{"version":3,"names":["fs","require","path","Sequelize","basename","__filename","env","process","NODE_ENV","config","__dirname","db","sequelize","use_env_variable","database","username","password","readdirSync","filter","file","indexOf","slice","forEach","model","join","DataTypes","name","Object","keys","modelName","associate","module","exports"],"sourceRoot":"/Users/hello/Documents/wizkid/wizkid/src/models/","sources":["index.js"],"sourcesContent":["'use strict';\n\nconst fs = require('fs');\nconst path = require('path');\nconst Sequelize = require('sequelize');\nconst basename = path.basename(__filename);\nconst env = process.env.NODE_ENV || 'development';\nconst config = require(__dirname + '/../database/config/db_config.js')[env];\nconst db = {};\n\nlet sequelize;\nif (config.use_env_variable) {\n  sequelize = new Sequelize(process.env[config.use_env_variable], config);\n} else {\n  sequelize = new Sequelize(config.database, config.username, config.password, config);\n}\n\nfs\n  .readdirSync(__dirname)\n  .filter(file => {\n    return (file.indexOf('.') !== 0) && (file !== basename) && (file.slice(-3) === '.js');\n  })\n  .forEach(file => {\n    const model = require(path.join(__dirname, file))(sequelize, Sequelize.DataTypes);\n    db[model.name] = model;\n  });\n\nObject.keys(db).forEach(modelName => {\n  if (db[modelName].associate) {\n    db[modelName].associate(db);\n  }\n});\n\ndb.sequelize = sequelize;\ndb.Sequelize = Sequelize;\n\nmodule.exports = db;\n"],"mappings":"AAAA,YAAY;;AAEZ,MAAMA,EAAE,GAAGC,OAAO,CAAC,IAAI,CAAC;AACxB,MAAMC,IAAI,GAAGD,OAAO,CAAC,MAAM,CAAC;AAC5B,MAAME,SAAS,GAAGF,OAAO,CAAC,WAAW,CAAC;AACtC,MAAMG,QAAQ,GAAGF,IAAI,CAACE,QAAQ,CAACC,UAAU,CAAC;AAC1C,MAAMC,GAAG,GAAGC,OAAO,CAACD,GAAG,CAACE,QAAQ,IAAI,aAAa;AACjD,MAAMC,MAAM,GAAGR,OAAO,CAACS,SAAS,GAAG,kCAAkC,CAAC,CAACJ,GAAG,CAAC;AAC3E,MAAMK,EAAE,GAAG,CAAC,CAAC;AAEb,IAAIC,SAAS;AACb,IAAIH,MAAM,CAACI,gBAAgB,EAAE;EAC3BD,SAAS,GAAG,IAAIT,SAAS,CAACI,OAAO,CAACD,GAAG,CAACG,MAAM,CAACI,gBAAgB,CAAC,EAAEJ,MAAM,CAAC;AACzE,CAAC,MAAM;EACLG,SAAS,GAAG,IAAIT,SAAS,CAACM,MAAM,CAACK,QAAQ,EAAEL,MAAM,CAACM,QAAQ,EAAEN,MAAM,CAACO,QAAQ,EAAEP,MAAM,CAAC;AACtF;AAEAT,EAAE,CACCiB,WAAW,CAACP,SAAS,CAAC,CACtBQ,MAAM,CAACC,IAAI,IAAI;EACd,OAAQA,IAAI,CAACC,OAAO,CAAC,GAAG,CAAC,KAAK,CAAC,IAAMD,IAAI,KAAKf,QAAS,IAAKe,IAAI,CAACE,KAAK,CAAC,CAAC,CAAC,CAAC,KAAK,KAAM;AACvF,CAAC,CAAC,CACDC,OAAO,CAACH,IAAI,IAAI;EACf,MAAMI,KAAK,GAAGtB,OAAO,CAACC,IAAI,CAACsB,IAAI,CAACd,SAAS,EAAES,IAAI,CAAC,CAAC,CAACP,SAAS,EAAET,SAAS,CAACsB,SAAS,CAAC;EACjFd,EAAE,CAACY,KAAK,CAACG,IAAI,CAAC,GAAGH,KAAK;AACxB,CAAC,CAAC;AAEJI,MAAM,CAACC,IAAI,CAACjB,EAAE,CAAC,CAACW,OAAO,CAACO,SAAS,IAAI;EACnC,IAAIlB,EAAE,CAACkB,SAAS,CAAC,CAACC,SAAS,EAAE;IAC3BnB,EAAE,CAACkB,SAAS,CAAC,CAACC,SAAS,CAACnB,EAAE,CAAC;EAC7B;AACF,CAAC,CAAC;AAEFA,EAAE,CAACC,SAAS,GAAGA,SAAS;AACxBD,EAAE,CAACR,SAAS,GAAGA,SAAS;AAExB4B,MAAM,CAACC,OAAO,GAAGrB,EAAE"},"_coverageSchema":"1a1c01bbd47fc00a2c39e90264f33305004495a9","hash":"a33ffc4c747d6ab77f26d89f7a69b2ab94526970","contentHash":"aa2f36ecbe1c3f3eb9964af733808fe78f16b425e9477dc476bf333d1ae361dc"},"/Users/hello/Documents/wizkid/wizkid/src/database/config/db_config.js":{"path":"/Users/hello/Documents/wizkid/wizkid/src/database/config/db_config.js","statementMap":{"0":{"start":{"line":3,"column":0},"end":{"line":3,"column":27}},"1":{"start":{"line":4,"column":0},"end":{"line":26,"column":2}}},"fnMap":{},"branchMap":{},"s":{"0":1,"1":1},"f":{},"b":{},"inputSourceMap":{"version":3,"names":["require","config","module","exports","process","env","DEVELOPMENT_USERNAME","DEVELOPMENT_PASSWORD","DEVELOPMENT_DATABASE","DEVELOPMENT_HOST","TEST_USERNAME","TEST_PASSWORD","TEST_DATABASE","TEST_HOST","PRODUCTION_USERNAME","PRODUCTION_PASSWORD","PRODUCTION_DATABASE","PRODUCTION_HOST"],"sourceRoot":"/Users/hello/Documents/wizkid/wizkid/src/database/config/","sources":["db_config.js"],"sourcesContent":["require('dotenv').config();\n\nmodule.exports = {\n  \"development\": {\n    \"username\": process.env.DEVELOPMENT_USERNAME,\n    \"password\": process.env.DEVELOPMENT_PASSWORD,\n    \"database\": process.env.DEVELOPMENT_DATABASE,\n    \"host\": process.env.DEVELOPMENT_HOST,\n    \"dialect\": \"postgres\"\n  },\n  \"test\": {\n    \"username\": process.env.TEST_USERNAME,\n    \"password\": process.env.TEST_PASSWORD,\n    \"database\": process.env.TEST_DATABASE,\n    \"host\": process.env.TEST_HOST,\n    \"dialect\": \"postgres\"\n  },\n  \"production\": {\n    \"username\": process.env.PRODUCTION_USERNAME,\n    \"password\": process.env.PRODUCTION_PASSWORD,\n    \"database\": process.env.PRODUCTION_DATABASE,\n    \"host\": process.env.PRODUCTION_HOST,\n    \"dialect\": \"postgres\"\n  }\n}\n"],"mappings":";;AAAAA,OAAO,CAAC,QAAQ,CAAC,CAACC,MAAM,EAAE;AAE1BC,MAAM,CAACC,OAAO,GAAG;EACf,aAAa,EAAE;IACb,UAAU,EAAEC,OAAO,CAACC,GAAG,CAACC,oBAAoB;IAC5C,UAAU,EAAEF,OAAO,CAACC,GAAG,CAACE,oBAAoB;IAC5C,UAAU,EAAEH,OAAO,CAACC,GAAG,CAACG,oBAAoB;IAC5C,MAAM,EAAEJ,OAAO,CAACC,GAAG,CAACI,gBAAgB;IACpC,SAAS,EAAE;EACb,CAAC;EACD,MAAM,EAAE;IACN,UAAU,EAAEL,OAAO,CAACC,GAAG,CAACK,aAAa;IACrC,UAAU,EAAEN,OAAO,CAACC,GAAG,CAACM,aAAa;IACrC,UAAU,EAAEP,OAAO,CAACC,GAAG,CAACO,aAAa;IACrC,MAAM,EAAER,OAAO,CAACC,GAAG,CAACQ,SAAS;IAC7B,SAAS,EAAE;EACb,CAAC;EACD,YAAY,EAAE;IACZ,UAAU,EAAET,OAAO,CAACC,GAAG,CAACS,mBAAmB;IAC3C,UAAU,EAAEV,OAAO,CAACC,GAAG,CAACU,mBAAmB;IAC3C,UAAU,EAAEX,OAAO,CAACC,GAAG,CAACW,mBAAmB;IAC3C,MAAM,EAAEZ,OAAO,CAACC,GAAG,CAACY,eAAe;IACnC,SAAS,EAAE;EACb;AACF,CAAC"},"_coverageSchema":"1a1c01bbd47fc00a2c39e90264f33305004495a9","hash":"680b5675976d3147f20cf795d22de1bbf715364b","contentHash":"9e173efd00cb4e687339a51a7218704e373ad2787cfd4d92b51a8331d7b7837f"},"/Users/hello/Documents/wizkid/wizkid/src/models/transaction.js":{"path":"/Users/hello/Documents/wizkid/wizkid/src/models/transaction.js","statementMap":{"0":{"start":{"line":3,"column":0},"end":{"line":10,"column":2}},"1":{"start":{"line":4,"column":23},"end":{"line":8,"column":8}},"2":{"start":{"line":9,"column":2},"end":{"line":9,"column":22}}},"fnMap":{"0":{"name":"(anonymous_0)","decl":{"start":{"line":3,"column":17},"end":{"line":3,"column":18}},"loc":{"start":{"line":3,"column":43},"end":{"line":10,"column":1}},"line":3}},"branchMap":{},"s":{"0":1,"1":2,"2":2},"f":{"0":2},"b":{},"inputSourceMap":{"version":3,"names":["module","exports","sequelize","DataTypes","transactions","define","user_id","INTEGER","transaction_type","STRING","amount"],"sourceRoot":"/Users/hello/Documents/wizkid/wizkid/src/models/","sources":["transaction.js"],"sourcesContent":["'use strict';\nmodule.exports = (sequelize, DataTypes) => {\n  const transactions = sequelize.define('transactions', {\n    user_id: DataTypes.INTEGER,\n    transaction_type: DataTypes.STRING,\n    amount: DataTypes.INTEGER,    \n  }, {});\n  return transactions;\n};"],"mappings":"AAAA,YAAY;;AACZA,MAAM,CAACC,OAAO,GAAG,CAACC,SAAS,EAAEC,SAAS,KAAK;EACzC,MAAMC,YAAY,GAAGF,SAAS,CAACG,MAAM,CAAC,cAAc,EAAE;IACpDC,OAAO,EAAEH,SAAS,CAACI,OAAO;IAC1BC,gBAAgB,EAAEL,SAAS,CAACM,MAAM;IAClCC,MAAM,EAAEP,SAAS,CAACI;EACpB,CAAC,EAAE,CAAC,CAAC,CAAC;EACN,OAAOH,YAAY;AACrB,CAAC"},"_coverageSchema":"1a1c01bbd47fc00a2c39e90264f33305004495a9","hash":"2573e2782e188c413294699a79a2af07174ba2fc","contentHash":"b3a20c9d7900a4e0636ba9165d41798f3a2e26e9fb85be09300efc8b9cccc828"},"/Users/hello/Documents/wizkid/wizkid/src/models/user.js":{"path":"/Users/hello/Documents/wizkid/wizkid/src/models/user.js","statementMap":{"0":{"start":{"line":3,"column":0},"end":{"line":12,"column":2}},"1":{"start":{"line":4,"column":16},"end":{"line":10,"column":8}},"2":{"start":{"line":11,"column":2},"end":{"line":11,"column":15}}},"fnMap":{"0":{"name":"(anonymous_0)","decl":{"start":{"line":3,"column":17},"end":{"line":3,"column":18}},"loc":{"start":{"line":3,"column":43},"end":{"line":12,"column":1}},"line":3}},"branchMap":{},"s":{"0":1,"1":2,"2":2},"f":{"0":2},"b":{},"inputSourceMap":{"version":3,"names":["module","exports","sequelize","DataTypes","users","define","first_name","STRING","last_name","login_ID","INTEGER","branch","password"],"sourceRoot":"/Users/hello/Documents/wizkid/wizkid/src/models/","sources":["user.js"],"sourcesContent":["'use strict';\nmodule.exports = (sequelize, DataTypes) => {\n  const users = sequelize.define('users', {\n    first_name: DataTypes.STRING,\n    last_name: DataTypes.STRING,\n    login_ID: DataTypes.INTEGER,\n    branch: DataTypes.STRING,\n    password: DataTypes.STRING,\n  }, {});\n\n  return users;\n};\n"],"mappings":"AAAA,YAAY;;AACZA,MAAM,CAACC,OAAO,GAAG,CAACC,SAAS,EAAEC,SAAS,KAAK;EACzC,MAAMC,KAAK,GAAGF,SAAS,CAACG,MAAM,CAAC,OAAO,EAAE;IACtCC,UAAU,EAAEH,SAAS,CAACI,MAAM;IAC5BC,SAAS,EAAEL,SAAS,CAACI,MAAM;IAC3BE,QAAQ,EAAEN,SAAS,CAACO,OAAO;IAC3BC,MAAM,EAAER,SAAS,CAACI,MAAM;IACxBK,QAAQ,EAAET,SAAS,CAACI;EACtB,CAAC,EAAE,CAAC,CAAC,CAAC;EAEN,OAAOH,KAAK;AACd,CAAC"},"_coverageSchema":"1a1c01bbd47fc00a2c39e90264f33305004495a9","hash":"e3c7d85976eb708c6bb5d39a6a500f06dacf746b","contentHash":"8a002ea85fa150d708fdbdd80c19fafdf07cb448403ff44d82a0d7dc02381677"},"/Users/hello/Documents/wizkid/wizkid/src/utils/index.js":{"path":"/Users/hello/Documents/wizkid/wizkid/src/utils/index.js","statementMap":{"0":{"start":{"line":3,"column":0},"end":{"line":5,"column":3}},"1":{"start":{"line":6,"column":0},"end":{"line":11,"column":3}},"2":{"start":{"line":9,"column":4},"end":{"line":9,"column":24}},"3":{"start":{"line":12,"column":0},"end":{"line":12,"column":50}},"4":{"start":{"line":13,"column":0},"end":{"line":18,"column":3}},"5":{"start":{"line":16,"column":4},"end":{"line":16,"column":39}},"6":{"start":{"line":19,"column":0},"end":{"line":24,"column":3}},"7":{"start":{"line":22,"column":4},"end":{"line":22,"column":36}},"8":{"start":{"line":25,"column":0},"end":{"line":25,"column":54}},"9":{"start":{"line":26,"column":0},"end":{"line":31,"column":3}},"10":{"start":{"line":29,"column":4},"end":{"line":29,"column":31}},"11":{"start":{"line":32,"column":0},"end":{"line":37,"column":3}},"12":{"start":{"line":35,"column":4},"end":{"line":35,"column":29}},"13":{"start":{"line":38,"column":0},"end":{"line":43,"column":3}},"14":{"start":{"line":41,"column":4},"end":{"line":41,"column":38}},"15":{"start":{"line":44,"column":0},"end":{"line":44,"column":29}},"16":{"start":{"line":45,"column":17},"end":{"line":45,"column":39}},"17":{"start":{"line":46,"column":13},"end":{"line":46,"column":57}},"18":{"start":{"line":47,"column":0},"end":{"line":47,"column":24}},"19":{"start":{"line":48,"column":11},"end":{"line":48,"column":51}},"20":{"start":{"line":49,"column":39},"end":{"line":49,"column":93}},"21":{"start":{"line":50,"column":49},"end":{"line":50,"column":96}},"22":{"start":{"line":50,"column":84},"end":{"line":50,"column":96}},"23":{"start":{"line":50,"column":121},"end":{"line":50,"column":134}},"24":{"start":{"line":50,"column":159},"end":{"line":50,"column":172}},"25":{"start":{"line":50,"column":174},"end":{"line":50,"column":309}},"26":{"start":{"line":50,"column":234},"end":{"line":50,"column":292}},"27":{"start":{"line":51,"column":53},"end":{"line":51,"column":111}},"28":{"start":{"line":51,"column":98},"end":{"line":51,"column":109}},"29":{"start":{"line":51,"column":112},"end":{"line":51,"column":214}},"30":{"start":{"line":51,"column":188},"end":{"line":51,"column":212}},"31":{"start":{"line":51,"column":227},"end":{"line":51,"column":264}},"32":{"start":{"line":51,"column":266},"end":{"line":51,"column":321}},"33":{"start":{"line":51,"column":297},"end":{"line":51,"column":319}},"34":{"start":{"line":51,"column":335},"end":{"line":51,"column":337}},"35":{"start":{"line":51,"column":367},"end":{"line":51,"column":423}},"36":{"start":{"line":51,"column":425},"end":{"line":51,"column":726}},"37":{"start":{"line":51,"column":448},"end":{"line":51,"column":724}},"38":{"start":{"line":51,"column":534},"end":{"line":51,"column":606}},"39":{"start":{"line":51,"column":608},"end":{"line":51,"column":722}},"40":{"start":{"line":51,"column":646},"end":{"line":51,"column":687}},"41":{"start":{"line":51,"column":697},"end":{"line":51,"column":720}},"42":{"start":{"line":51,"column":727},"end":{"line":51,"column":748}},"43":{"start":{"line":51,"column":749},"end":{"line":51,"column":787}},"44":{"start":{"line":51,"column":762},"end":{"line":51,"column":785}},"45":{"start":{"line":51,"column":788},"end":{"line":51,"column":802}},"46":{"start":{"line":55,"column":4},"end":{"line":55,"column":16}},"47":{"start":{"line":56,"column":0},"end":{"line":56,"column":34}},"48":{"start":{"line":57,"column":0},"end":{"line":57,"column":38}},"49":{"start":{"line":61,"column":4},"end":{"line":61,"column":10}},"50":{"start":{"line":62,"column":0},"end":{"line":62,"column":42}},"51":{"start":{"line":63,"column":0},"end":{"line":63,"column":36}}},"fnMap":{"0":{"name":"(anonymous_0)","decl":{"start":{"line":8,"column":7},"end":{"line":8,"column":8}},"loc":{"start":{"line":8,"column":19},"end":{"line":10,"column":3}},"line":8},"1":{"name":"(anonymous_1)","decl":{"start":{"line":15,"column":7},"end":{"line":15,"column":8}},"loc":{"start":{"line":15,"column":19},"end":{"line":17,"column":3}},"line":15},"2":{"name":"(anonymous_2)","decl":{"start":{"line":21,"column":7},"end":{"line":21,"column":8}},"loc":{"start":{"line":21,"column":19},"end":{"line":23,"column":3}},"line":21},"3":{"name":"(anonymous_3)","decl":{"start":{"line":28,"column":7},"end":{"line":28,"column":8}},"loc":{"start":{"line":28,"column":19},"end":{"line":30,"column":3}},"line":28},"4":{"name":"(anonymous_4)","decl":{"start":{"line":34,"column":7},"end":{"line":34,"column":8}},"loc":{"start":{"line":34,"column":19},"end":{"line":36,"column":3}},"line":34},"5":{"name":"(anonymous_5)","decl":{"start":{"line":40,"column":7},"end":{"line":40,"column":8}},"loc":{"start":{"line":40,"column":19},"end":{"line":42,"column":3}},"line":40},"6":{"name":"_interopRequireDefault","decl":{"start":{"line":49,"column":9},"end":{"line":49,"column":31}},"loc":{"start":{"line":49,"column":37},"end":{"line":49,"column":95}},"line":49},"7":{"name":"_getRequireWildcardCache","decl":{"start":{"line":50,"column":9},"end":{"line":50,"column":33}},"loc":{"start":{"line":50,"column":47},"end":{"line":50,"column":311}},"line":50},"8":{"name":"(anonymous_8)","decl":{"start":{"line":50,"column":209},"end":{"line":50,"column":210}},"loc":{"start":{"line":50,"column":232},"end":{"line":50,"column":294}},"line":50},"9":{"name":"_interopRequireWildcard","decl":{"start":{"line":51,"column":9},"end":{"line":51,"column":32}},"loc":{"start":{"line":51,"column":51},"end":{"line":51,"column":804}},"line":51}},"branchMap":{"0":{"loc":{"start":{"line":49,"column":46},"end":{"line":49,"column":92}},"type":"cond-expr","locations":[{"start":{"line":49,"column":70},"end":{"line":49,"column":73}},{"start":{"line":49,"column":76},"end":{"line":49,"column":92}}],"line":49},"1":{"loc":{"start":{"line":49,"column":46},"end":{"line":49,"column":67}},"type":"binary-expr","locations":[{"start":{"line":49,"column":46},"end":{"line":49,"column":49}},{"start":{"line":49,"column":53},"end":{"line":49,"column":67}}],"line":49},"2":{"loc":{"start":{"line":50,"column":49},"end":{"line":50,"column":96}},"type":"if","locations":[{"start":{"line":50,"column":49},"end":{"line":50,"column":96}},{"start":{"line":50,"column":49},"end":{"line":50,"column":96}}],"line":50},"3":{"loc":{"start":{"line":50,"column":241},"end":{"line":50,"column":291}},"type":"cond-expr","locations":[{"start":{"line":50,"column":255},"end":{"line":50,"column":271}},{"start":{"line":50,"column":274},"end":{"line":50,"column":291}}],"line":50},"4":{"loc":{"start":{"line":51,"column":53},"end":{"line":51,"column":111}},"type":"if","locations":[{"start":{"line":51,"column":53},"end":{"line":51,"column":111}},{"start":{"line":51,"column":53},"end":{"line":51,"column":111}}],"line":51},"5":{"loc":{"start":{"line":51,"column":57},"end":{"line":51,"column":94}},"type":"binary-expr","locations":[{"start":{"line":51,"column":57},"end":{"line":51,"column":69}},{"start":{"line":51,"column":73},"end":{"line":51,"column":76}},{"start":{"line":51,"column":80},"end":{"line":51,"column":94}}],"line":51},"6":{"loc":{"start":{"line":51,"column":112},"end":{"line":51,"column":214}},"type":"if","locations":[{"start":{"line":51,"column":112},"end":{"line":51,"column":214}},{"start":{"line":51,"column":112},"end":{"line":51,"column":214}}],"line":51},"7":{"loc":{"start":{"line":51,"column":116},"end":{"line":51,"column":184}},"type":"binary-expr","locations":[{"start":{"line":51,"column":116},"end":{"line":51,"column":128}},{"start":{"line":51,"column":132},"end":{"line":51,"column":155}},{"start":{"line":51,"column":159},"end":{"line":51,"column":184}}],"line":51},"8":{"loc":{"start":{"line":51,"column":266},"end":{"line":51,"column":321}},"type":"if","locations":[{"start":{"line":51,"column":266},"end":{"line":51,"column":321}},{"start":{"line":51,"column":266},"end":{"line":51,"column":321}}],"line":51},"9":{"loc":{"start":{"line":51,"column":270},"end":{"line":51,"column":293}},"type":"binary-expr","locations":[{"start":{"line":51,"column":270},"end":{"line":51,"column":275}},{"start":{"line":51,"column":279},"end":{"line":51,"column":293}}],"line":51},"10":{"loc":{"start":{"line":51,"column":367},"end":{"line":51,"column":423}},"type":"binary-expr","locations":[{"start":{"line":51,"column":367},"end":{"line":51,"column":388}},{"start":{"line":51,"column":392},"end":{"line":51,"column":423}}],"line":51},"11":{"loc":{"start":{"line":51,"column":448},"end":{"line":51,"column":724}},"type":"if","locations":[{"start":{"line":51,"column":448},"end":{"line":51,"column":724}},{"start":{"line":51,"column":448},"end":{"line":51,"column":724}}],"line":51},"12":{"loc":{"start":{"line":51,"column":452},"end":{"line":51,"column":519}},"type":"binary-expr","locations":[{"start":{"line":51,"column":452},"end":{"line":51,"column":469}},{"start":{"line":51,"column":473},"end":{"line":51,"column":519}}],"line":51},"13":{"loc":{"start":{"line":51,"column":534},"end":{"line":51,"column":606}},"type":"cond-expr","locations":[{"start":{"line":51,"column":558},"end":{"line":51,"column":599}},{"start":{"line":51,"column":602},"end":{"line":51,"column":606}}],"line":51},"14":{"loc":{"start":{"line":51,"column":608},"end":{"line":51,"column":722}},"type":"if","locations":[{"start":{"line":51,"column":608},"end":{"line":51,"column":722}},{"start":{"line":51,"column":608},"end":{"line":51,"column":722}}],"line":51},"15":{"loc":{"start":{"line":51,"column":612},"end":{"line":51,"column":642}},"type":"binary-expr","locations":[{"start":{"line":51,"column":612},"end":{"line":51,"column":616}},{"start":{"line":51,"column":621},"end":{"line":51,"column":629}},{"start":{"line":51,"column":633},"end":{"line":51,"column":641}}],"line":51},"16":{"loc":{"start":{"line":51,"column":749},"end":{"line":51,"column":787}},"type":"if","locations":[{"start":{"line":51,"column":749},"end":{"line":51,"column":787}},{"start":{"line":51,"column":749},"end":{"line":51,"column":787}}],"line":51}},"s":{"0":1,"1":1,"2":1,"3":1,"4":1,"5":0,"6":1,"7":1,"8":1,"9":1,"10":2,"11":1,"12":4,"13":1,"14":3,"15":1,"16":1,"17":1,"18":1,"19":1,"20":1,"21":0,"22":0,"23":0,"24":0,"25":0,"26":0,"27":1,"28":1,"29":0,"30":0,"31":0,"32":0,"33":0,"34":0,"35":0,"36":0,"37":0,"38":0,"39":0,"40":0,"41":0,"42":0,"43":0,"44":0,"45":0,"46":1,"47":1,"48":1,"49":1,"50":1,"51":1},"f":{"0":1,"1":0,"2":1,"3":2,"4":4,"5":3,"6":1,"7":0,"8":0,"9":1},"b":{"0":[1,0],"1":[1,1],"2":[0,0],"3":[0,0],"4":[1,0],"5":[1,1,1],"6":[0,0],"7":[0,0,0],"8":[0,0],"9":[0,0],"10":[0,0],"11":[0,0],"12":[0,0],"13":[0,0],"14":[0,0],"15":[0,0,0],"16":[0,0]},"inputSourceMap":{"version":3,"names":["generateToken","verifyToken","Jwt","hashPassword","comparePassword","bcrypt"],"sourceRoot":"/Users/hello/Documents/wizkid/wizkid/src/utils/","sources":["index.js"],"sourcesContent":["import {\n    status, messages, successResponse, errorResponse, conflictResponse,\n  } from './responses';\n  import * as bcrypt from './bcrypt';\n  import Jwt from './jwt';\n  \n  const { generateToken, verifyToken } = Jwt;\n  \n  const { hashPassword, comparePassword } = bcrypt;\n  export {\n    status,\n    messages,\n    successResponse,\n    errorResponse,\n    conflictResponse,\n    bcrypt,\n    hashPassword,\n    comparePassword,\n    Jwt,\n    generateToken,\n    verifyToken\n  };"],"mappings":";;;;;;;;;;;;;;;;;;;;;;;;;;;;;;;;;;;;;;;;;;;;AAAA;AAGE;AAAmC;AACnC;AAAwB;AAAA;AAAA;AAExB,MAAM;EAAEA,aAAa;EAAEC;AAAY,CAAC,GAAGC,YAAG;AAAC;AAAA;AAE3C,MAAM;EAAEC,YAAY;EAAEC;AAAgB,CAAC,GAAGC,MAAM;AAAC;AAAA"},"_coverageSchema":"1a1c01bbd47fc00a2c39e90264f33305004495a9","hash":"5d448f34ec0b4963f7b0aeeaf39b714f1a7ef906","contentHash":"f65cdd7f87be89644e03c0196b0ecbee8b6c2e645455d033d28860051522fb5f"},"/Users/hello/Documents/wizkid/wizkid/src/utils/responses.js":{"path":"/Users/hello/Documents/wizkid/wizkid/src/utils/responses.js","statementMap":{"0":{"start":{"line":3,"column":0},"end":{"line":5,"column":3}},"1":{"start":{"line":6,"column":0},"end":{"line":6,"column":120}},"2":{"start":{"line":8,"column":17},"end":{"line":22,"column":1}},"3":{"start":{"line":23,"column":0},"end":{"line":23,"column":28}},"4":{"start":{"line":24,"column":15},"end":{"line":34,"column":1}},"5":{"start":{"line":35,"column":0},"end":{"line":35,"column":24}},"6":{"start":{"line":36,"column":22},"end":{"line":45,"column":1}},"7":{"start":{"line":37,"column":19},"end":{"line":41,"column":3}},"8":{"start":{"line":42,"column":2},"end":{"line":42,"column":33}},"9":{"start":{"line":42,"column":12},"end":{"line":42,"column":33}},"10":{"start":{"line":43,"column":2},"end":{"line":43,"column":44}},"11":{"start":{"line":43,"column":21},"end":{"line":43,"column":44}},"12":{"start":{"line":44,"column":2},"end":{"line":44,"column":47}},"13":{"start":{"line":46,"column":24},"end":{"line":46,"column":143}},"14":{"start":{"line":46,"column":79},"end":{"line":46,"column":143}},"15":{"start":{"line":47,"column":0},"end":{"line":47,"column":42}},"16":{"start":{"line":48,"column":22},"end":{"line":48,"column":107}},"17":{"start":{"line":48,"column":60},"end":{"line":48,"column":107}},"18":{"start":{"line":49,"column":0},"end":{"line":49,"column":38}},"19":{"start":{"line":50,"column":25},"end":{"line":50,"column":110}},"20":{"start":{"line":50,"column":63},"end":{"line":50,"column":110}},"21":{"start":{"line":51,"column":0},"end":{"line":51,"column":44}}},"fnMap":{"0":{"name":"(anonymous_0)","decl":{"start":{"line":36,"column":22},"end":{"line":36,"column":23}},"loc":{"start":{"line":36,"column":87},"end":{"line":45,"column":1}},"line":36},"1":{"name":"(anonymous_1)","decl":{"start":{"line":46,"column":24},"end":{"line":46,"column":25}},"loc":{"start":{"line":46,"column":79},"end":{"line":46,"column":143}},"line":46},"2":{"name":"(anonymous_2)","decl":{"start":{"line":48,"column":22},"end":{"line":48,"column":23}},"loc":{"start":{"line":48,"column":60},"end":{"line":48,"column":107}},"line":48},"3":{"name":"(anonymous_3)","decl":{"start":{"line":50,"column":25},"end":{"line":50,"column":26}},"loc":{"start":{"line":50,"column":63},"end":{"line":50,"column":110}},"line":50}},"branchMap":{"0":{"loc":{"start":{"line":36,"column":57},"end":{"line":36,"column":68}},"type":"default-arg","locations":[{"start":{"line":36,"column":64},"end":{"line":36,"column":68}}],"line":36},"1":{"loc":{"start":{"line":36,"column":70},"end":{"line":36,"column":82}},"type":"default-arg","locations":[{"start":{"line":36,"column":78},"end":{"line":36,"column":82}}],"line":36},"2":{"loc":{"start":{"line":42,"column":2},"end":{"line":42,"column":33}},"type":"if","locations":[{"start":{"line":42,"column":2},"end":{"line":42,"column":33}},{"start":{"line":42,"column":2},"end":{"line":42,"column":33}}],"line":42},"3":{"loc":{"start":{"line":43,"column":2},"end":{"line":43,"column":44}},"type":"if","locations":[{"start":{"line":43,"column":2},"end":{"line":43,"column":44}},{"start":{"line":43,"column":2},"end":{"line":43,"column":44}}],"line":43},"4":{"loc":{"start":{"line":43,"column":6},"end":{"line":43,"column":19}},"type":"binary-expr","locations":[{"start":{"line":43,"column":6},"end":{"line":43,"column":10}},{"start":{"line":43,"column":14},"end":{"line":43,"column":19}}],"line":43}},"s":{"0":1,"1":1,"2":1,"3":1,"4":1,"5":1,"6":1,"7":4,"8":4,"9":2,"10":4,"11":1,"12":4,"13":1,"14":3,"15":1,"16":1,"17":1,"18":1,"19":1,"20":0,"21":1},"f":{"0":4,"1":3,"2":1,"3":0},"b":{"0":[2],"1":[3],"2":[2,2],"3":[1,3],"4":[4,2]},"inputSourceMap":{"version":3,"names":["messages","signIn","success","notfound","error","invalid","unverified","transactions","status","unauthorized","conflict","created","bad","nocontent","unprocessable","forgeResponse","res","statusCode","message","data","token","response","json","successResponse","userData","errorResponse","conflictResponse"],"sourceRoot":"/Users/hello/Documents/wizkid/wizkid/src/utils/","sources":["responses.js"],"sourcesContent":["/* eslint-disable camelcase */\nconst messages = {\n    signIn: {\n      success: 'Successfully Signed In',\n      notfound: 'User Cannot be found',\n      error: 'Could not sign in user try again',\n      invalid: 'Invalid Credentials',\n      unverified: 'Email not verified, check your mail to verify'\n    },\n    transactions: {\n      success: 'Successfully fetched',\n      notfound: 'Transaction not found',\n      error: 'Could not fetch transaction, try again',\n      invalid: 'Invalid request',\n    }\n  };\n    \n  const status = {\n    success: 200,\n    error: 500,\n    notfound: 404,\n    unauthorized: 401,\n    conflict: 409,\n    created: 201,\n    bad: 400,\n    nocontent: 204,\n    unprocessable: 422,\n  };\n    \n  const forgeResponse = (res, statusCode, status, message, data = null, token = null) => {\n    const response = {\n      statusCode,\n      status,\n      message\n    };\n    \n    if (data) response.data = data;\n    if (data && token) response.token = token;\n    \n    return res.status(statusCode).json(response);\n  };\n    \n  const successResponse = (res, statusCode, status, \n    message, userData, token) => forgeResponse(res, statusCode, status, message, userData, token);\n    \n  const errorResponse = (res, statusCode, status, message) => forgeResponse(res, statusCode, status, message);\n    \n  const conflictResponse = (res, statusCode, status, message) => forgeResponse(res, statusCode, status, message);\n    \n  export {\n    status,\n    successResponse,\n    errorResponse,\n    messages,\n    conflictResponse,\n  };"],"mappings":";;;;;;AAAA;AACA,MAAMA,QAAQ,GAAG;EACbC,MAAM,EAAE;IACNC,OAAO,EAAE,wBAAwB;IACjCC,QAAQ,EAAE,sBAAsB;IAChCC,KAAK,EAAE,kCAAkC;IACzCC,OAAO,EAAE,qBAAqB;IAC9BC,UAAU,EAAE;EACd,CAAC;EACDC,YAAY,EAAE;IACZL,OAAO,EAAE,sBAAsB;IAC/BC,QAAQ,EAAE,uBAAuB;IACjCC,KAAK,EAAE,wCAAwC;IAC/CC,OAAO,EAAE;EACX;AACF,CAAC;AAAC;AAEF,MAAMG,MAAM,GAAG;EACbN,OAAO,EAAE,GAAG;EACZE,KAAK,EAAE,GAAG;EACVD,QAAQ,EAAE,GAAG;EACbM,YAAY,EAAE,GAAG;EACjBC,QAAQ,EAAE,GAAG;EACbC,OAAO,EAAE,GAAG;EACZC,GAAG,EAAE,GAAG;EACRC,SAAS,EAAE,GAAG;EACdC,aAAa,EAAE;AACjB,CAAC;AAAC;AAEF,MAAMC,aAAa,GAAG,CAACC,GAAG,EAAEC,UAAU,EAAET,MAAM,EAAEU,OAAO,EAAEC,IAAI,GAAG,IAAI,EAAEC,KAAK,GAAG,IAAI,KAAK;EACrF,MAAMC,QAAQ,GAAG;IACfJ,UAAU;IACVT,MAAM;IACNU;EACF,CAAC;EAED,IAAIC,IAAI,EAAEE,QAAQ,CAACF,IAAI,GAAGA,IAAI;EAC9B,IAAIA,IAAI,IAAIC,KAAK,EAAEC,QAAQ,CAACD,KAAK,GAAGA,KAAK;EAEzC,OAAOJ,GAAG,CAACR,MAAM,CAACS,UAAU,CAAC,CAACK,IAAI,CAACD,QAAQ,CAAC;AAC9C,CAAC;AAED,MAAME,eAAe,GAAG,CAACP,GAAG,EAAEC,UAAU,EAAET,MAAM,EAC9CU,OAAO,EAAEM,QAAQ,EAAEJ,KAAK,KAAKL,aAAa,CAACC,GAAG,EAAEC,UAAU,EAAET,MAAM,EAAEU,OAAO,EAAEM,QAAQ,EAAEJ,KAAK,CAAC;AAAC;AAEhG,MAAMK,aAAa,GAAG,CAACT,GAAG,EAAEC,UAAU,EAAET,MAAM,EAAEU,OAAO,KAAKH,aAAa,CAACC,GAAG,EAAEC,UAAU,EAAET,MAAM,EAAEU,OAAO,CAAC;AAAC;AAE5G,MAAMQ,gBAAgB,GAAG,CAACV,GAAG,EAAEC,UAAU,EAAET,MAAM,EAAEU,OAAO,KAAKH,aAAa,CAACC,GAAG,EAAEC,UAAU,EAAET,MAAM,EAAEU,OAAO,CAAC;AAAC"},"_coverageSchema":"1a1c01bbd47fc00a2c39e90264f33305004495a9","hash":"f568e992d97a289dcbc6c11da4227b68ae3ccc98","contentHash":"35e561636840a4ecb9e430e3776b274e1b3d31235d7e415fd0d51cdeee75ecb2"},"/Users/hello/Documents/wizkid/wizkid/src/utils/bcrypt.js":{"path":"/Users/hello/Documents/wizkid/wizkid/src/utils/bcrypt.js","statementMap":{"0":{"start":{"line":3,"column":0},"end":{"line":5,"column":3}},"1":{"start":{"line":6,"column":0},"end":{"line":6,"column":56}},"2":{"start":{"line":7,"column":16},"end":{"line":7,"column":59}},"3":{"start":{"line":8,"column":39},"end":{"line":8,"column":93}},"4":{"start":{"line":16,"column":19},"end":{"line":16,"column":21}},"5":{"start":{"line":17,"column":13},"end":{"line":17,"column":54}},"6":{"start":{"line":18,"column":21},"end":{"line":18,"column":75}},"7":{"start":{"line":18,"column":33},"end":{"line":18,"column":75}},"8":{"start":{"line":26,"column":0},"end":{"line":26,"column":36}},"9":{"start":{"line":27,"column":24},"end":{"line":27,"column":109}},"10":{"start":{"line":27,"column":54},"end":{"line":27,"column":109}},"11":{"start":{"line":28,"column":0},"end":{"line":28,"column":42}}},"fnMap":{"0":{"name":"_interopRequireDefault","decl":{"start":{"line":8,"column":9},"end":{"line":8,"column":31}},"loc":{"start":{"line":8,"column":37},"end":{"line":8,"column":95}},"line":8},"1":{"name":"(anonymous_1)","decl":{"start":{"line":18,"column":21},"end":{"line":18,"column":22}},"loc":{"start":{"line":18,"column":33},"end":{"line":18,"column":75}},"line":18},"2":{"name":"(anonymous_2)","decl":{"start":{"line":27,"column":24},"end":{"line":27,"column":25}},"loc":{"start":{"line":27,"column":54},"end":{"line":27,"column":109}},"line":27}},"branchMap":{"0":{"loc":{"start":{"line":8,"column":46},"end":{"line":8,"column":92}},"type":"cond-expr","locations":[{"start":{"line":8,"column":70},"end":{"line":8,"column":73}},{"start":{"line":8,"column":76},"end":{"line":8,"column":92}}],"line":8},"1":{"loc":{"start":{"line":8,"column":46},"end":{"line":8,"column":67}},"type":"binary-expr","locations":[{"start":{"line":8,"column":46},"end":{"line":8,"column":49}},{"start":{"line":8,"column":53},"end":{"line":8,"column":67}}],"line":8}},"s":{"0":1,"1":1,"2":1,"3":1,"4":1,"5":1,"6":1,"7":0,"8":1,"9":1,"10":0,"11":1},"f":{"0":1,"1":0,"2":0},"b":{"0":[0,1],"1":[1,1]},"inputSourceMap":{"version":3,"names":["saltRounds","salt","bcrypt","genSaltSync","hashPassword","password","hashSync","comparePassword","hashedPassword","compareSync"],"sourceRoot":"/Users/hello/Documents/wizkid/wizkid/src/utils/","sources":["bcrypt.js"],"sourcesContent":["/* eslint-disable camelcase */\nimport bcrypt from 'bcryptjs';\n/**\n   * Hash Password Method\n   * @param {string} password\n   * @returns {string} returns hashed password\n   */\nconst saltRounds = 10;\nconst salt = bcrypt.genSaltSync(saltRounds);\n\nconst hashPassword = password => bcrypt.hashSync(password, salt);\n\n/**\n   * comparePassword\n   * @param {string} hashedPassword\n   * @param {string} password\n   * @returns {Boolean} return True or False\n   */\nconst comparePassword = (hashedPassword, password) => bcrypt.compareSync(password, hashedPassword);\n\n\nexport {\n  hashPassword,\n  comparePassword,\n};"],"mappings":";;;;;;AACA;AAA8B;AAD9B;;AAEA;AACA;AACA;AACA;AACA;AACA,MAAMA,UAAU,GAAG,EAAE;AACrB,MAAMC,IAAI,GAAGC,iBAAM,CAACC,WAAW,CAACH,UAAU,CAAC;AAE3C,MAAMI,YAAY,GAAGC,QAAQ,IAAIH,iBAAM,CAACI,QAAQ,CAACD,QAAQ,EAAEJ,IAAI,CAAC;;AAEhE;AACA;AACA;AACA;AACA;AACA;AALA;AAMA,MAAMM,eAAe,GAAG,CAACC,cAAc,EAAEH,QAAQ,KAAKH,iBAAM,CAACO,WAAW,CAACJ,QAAQ,EAAEG,cAAc,CAAC;AAAC"},"_coverageSchema":"1a1c01bbd47fc00a2c39e90264f33305004495a9","hash":"c7d3d82591416007be3ea6825ef3b7501bb7b34d","contentHash":"7423d65d4011c90cf5d161ba40698894e4cc26a5859edfc7bf6fe22b1b4fd8c5"},"/Users/hello/Documents/wizkid/wizkid/src/utils/jwt.js":{"path":"/Users/hello/Documents/wizkid/wizkid/src/utils/jwt.js","statementMap":{"0":{"start":{"line":3,"column":0},"end":{"line":5,"column":3}},"1":{"start":{"line":6,"column":0},"end":{"line":6,"column":25}},"2":{"start":{"line":7,"column":14},"end":{"line":7,"column":31}},"3":{"start":{"line":8,"column":20},"end":{"line":8,"column":67}},"4":{"start":{"line":9,"column":0},"end":{"line":9,"column":25}},"5":{"start":{"line":10,"column":39},"end":{"line":10,"column":93}},"6":{"start":{"line":11,"column":0},"end":{"line":11,"column":22}},"7":{"start":{"line":12,"column":18},"end":{"line":12,"column":36}},"8":{"start":{"line":28,"column":18},"end":{"line":30,"column":6}},"9":{"start":{"line":31,"column":4},"end":{"line":31,"column":17}},"10":{"start":{"line":42,"column":20},"end":{"line":42,"column":69}},"11":{"start":{"line":43,"column":4},"end":{"line":43,"column":19}},"12":{"start":{"line":46,"column":0},"end":{"line":46,"column":22}}},"fnMap":{"0":{"name":"_interopRequireDefault","decl":{"start":{"line":10,"column":9},"end":{"line":10,"column":31}},"loc":{"start":{"line":10,"column":37},"end":{"line":10,"column":95}},"line":10},"1":{"name":"(anonymous_1)","decl":{"start":{"line":27,"column":2},"end":{"line":27,"column":3}},"loc":{"start":{"line":27,"column":58},"end":{"line":32,"column":3}},"line":27},"2":{"name":"(anonymous_2)","decl":{"start":{"line":41,"column":2},"end":{"line":41,"column":3}},"loc":{"start":{"line":41,"column":54},"end":{"line":44,"column":3}},"line":41}},"branchMap":{"0":{"loc":{"start":{"line":10,"column":46},"end":{"line":10,"column":92}},"type":"cond-expr","locations":[{"start":{"line":10,"column":70},"end":{"line":10,"column":73}},{"start":{"line":10,"column":76},"end":{"line":10,"column":92}}],"line":10},"1":{"loc":{"start":{"line":10,"column":46},"end":{"line":10,"column":67}},"type":"binary-expr","locations":[{"start":{"line":10,"column":46},"end":{"line":10,"column":49}},{"start":{"line":10,"column":53},"end":{"line":10,"column":67}}],"line":10},"2":{"loc":{"start":{"line":27,"column":38},"end":{"line":27,"column":56}},"type":"default-arg","locations":[{"start":{"line":27,"column":47},"end":{"line":27,"column":56}}],"line":27},"3":{"loc":{"start":{"line":41,"column":34},"end":{"line":41,"column":52}},"type":"default-arg","locations":[{"start":{"line":41,"column":43},"end":{"line":41,"column":52}}],"line":41}},"s":{"0":1,"1":1,"2":1,"3":1,"4":1,"5":1,"6":1,"7":1,"8":1,"9":1,"10":1,"11":1,"12":1},"f":{"0":1,"1":1,"2":1},"b":{"0":[0,1],"1":[1,1],"2":[0],"3":[1]},"inputSourceMap":{"version":3,"names":["config","secretKey","process","env","SECRET","Jwt","generateToken","payload","secret","token","jwt","sign","expiresIn","verifyToken","decoded","verify"],"sourceRoot":"/Users/hello/Documents/wizkid/wizkid/src/utils/","sources":["jwt.js"],"sourcesContent":["import { config } from 'dotenv';\nimport jwt from 'jsonwebtoken';\nimport 'dotenv/config';\n\nconfig();\n\nconst secretKey = process.env.SECRET;\n\n/**\n * @class Jwt\n * @description class for token generation and verification\n * @exports Jwt\n */\nexport default class Jwt {\n  /**\n   * @method generateToken\n   * @description Method to generate new token\n   * @param {object} payload - The data used to generate the token\n   * @param {string} secret - The secret key used to generate the token\n   * @returns {string} the generated token\n   */\n  static async generateToken(payload, secret = secretKey) {\n    const token = await jwt.sign(payload, secret, { expiresIn: '1d' });\n    return token;\n  }\n\n  /**\n   * @method verifyToken\n   * @description Method to decode the token\n   * @param {string} token - The token to be verified\n   * @param {string} secret - The secret key used to generate the token\n   * @returns {object} the payload decoded from the token\n   */\n  static async verifyToken(token, secret = secretKey) {\n    const decoded = await jwt.verify(token, secret);\n    return decoded;\n  }\n}"],"mappings":";;;;;;AAAA;AACA;AACA;AAAuB;AAEvB,IAAAA,cAAM,GAAE;AAER,MAAMC,SAAS,GAAGC,OAAO,CAACC,GAAG,CAACC,MAAM;;AAEpC;AACA;AACA;AACA;AACA;AACe,MAAMC,GAAG,CAAC;EACvB;AACF;AACA;AACA;AACA;AACA;AACA;EACE,aAAaC,aAAa,CAACC,OAAO,EAAEC,MAAM,GAAGP,SAAS,EAAE;IACtD,MAAMQ,KAAK,GAAG,MAAMC,qBAAG,CAACC,IAAI,CAACJ,OAAO,EAAEC,MAAM,EAAE;MAAEI,SAAS,EAAE;IAAK,CAAC,CAAC;IAClE,OAAOH,KAAK;EACd;;EAEA;AACF;AACA;AACA;AACA;AACA;AACA;EACE,aAAaI,WAAW,CAACJ,KAAK,EAAED,MAAM,GAAGP,SAAS,EAAE;IAClD,MAAMa,OAAO,GAAG,MAAMJ,qBAAG,CAACK,MAAM,CAACN,KAAK,EAAED,MAAM,CAAC;IAC/C,OAAOM,OAAO;EAChB;AACF;AAAC"},"_coverageSchema":"1a1c01bbd47fc00a2c39e90264f33305004495a9","hash":"f9d6d308e97f2f4dc0009e32d78358a68f77f6e9","contentHash":"6490254afabf57724d9e2302fdeee97c13bf0c4d880043e99e15f22081a25f18"},"/Users/hello/Documents/wizkid/wizkid/src/controllers/transactions.js":{"path":"/Users/hello/Documents/wizkid/wizkid/src/controllers/transactions.js","statementMap":{"0":{"start":{"line":3,"column":0},"end":{"line":5,"column":3}},"1":{"start":{"line":6,"column":0},"end":{"line":6,"column":25}},"2":{"start":{"line":7,"column":14},"end":{"line":7,"column":58}},"3":{"start":{"line":8,"column":13},"end":{"line":8,"column":38}},"4":{"start":{"line":9,"column":39},"end":{"line":9,"column":93}},"5":{"start":{"line":29,"column":8},"end":{"line":29,"column":16}},"6":{"start":{"line":30,"column":4},"end":{"line":38,"column":5}},"7":{"start":{"line":32,"column":23},"end":{"line":32,"column":67}},"8":{"start":{"line":33,"column":6},"end":{"line":35,"column":7}},"9":{"start":{"line":34,"column":8},"end":{"line":34,"column":125}},"10":{"start":{"line":37,"column":6},"end":{"line":37,"column":68}},"11":{"start":{"line":41,"column":0},"end":{"line":41,"column":41}}},"fnMap":{"0":{"name":"_interopRequireDefault","decl":{"start":{"line":9,"column":9},"end":{"line":9,"column":31}},"loc":{"start":{"line":9,"column":37},"end":{"line":9,"column":95}},"line":9},"1":{"name":"(anonymous_1)","decl":{"start":{"line":25,"column":2},"end":{"line":25,"column":3}},"loc":{"start":{"line":25,"column":43},"end":{"line":39,"column":3}},"line":25}},"branchMap":{"0":{"loc":{"start":{"line":9,"column":46},"end":{"line":9,"column":92}},"type":"cond-expr","locations":[{"start":{"line":9,"column":70},"end":{"line":9,"column":73}},{"start":{"line":9,"column":76},"end":{"line":9,"column":92}}],"line":9},"1":{"loc":{"start":{"line":9,"column":46},"end":{"line":9,"column":67}},"type":"binary-expr","locations":[{"start":{"line":9,"column":46},"end":{"line":9,"column":49}},{"start":{"line":9,"column":53},"end":{"line":9,"column":67}}],"line":9},"2":{"loc":{"start":{"line":33,"column":6},"end":{"line":35,"column":7}},"type":"if","locations":[{"start":{"line":33,"column":6},"end":{"line":35,"column":7}},{"start":{"line":33,"column":6},"end":{"line":35,"column":7}}],"line":33}},"s":{"0":1,"1":1,"2":1,"3":1,"4":1,"5":1,"6":1,"7":1,"8":1,"9":1,"10":0,"11":1},"f":{"0":1,"1":1},"b":{"0":[0,1],"1":[1,1],"2":[0,1]},"inputSourceMap":{"version":3,"names":["TransactionsController","fetchTransactions","req","res","id","grade","user","response","models","transactions","findAll","successResponse","status","success","messages","error","errorResponse"],"sourceRoot":"/Users/hello/Documents/wizkid/wizkid/src/controllers/","sources":["transactions.js"],"sourcesContent":["/* eslint-disable camelcase */\nimport models from '../models';\nimport {\n  status, messages, hashPassword, generateToken,\n  successResponse, errorResponse, conflictResponse, Jwt, bcrypt, getCallbackUrls\n} from '../utils/index';\n\n\n/**\n * @class TransactionsController\n * @description Controllers for Transactions\n * @exports TransactionsController\n */\nexport default class TransactionsController {\n  /**\n   * @method fetchTransactions\n   * @description Method for updating password\n   * @param {object} req - The Request Object\n   * @param {object} res - The Response Object\n   * @returns {object} response body object\n   */\n  static async fetchTransactions(req, res) {\n    const { id, grade } = req.user;\n    try {\n      // eslint-disable-next-line max-len\n      const response = await models.transactions.findAll();\n      if (!response) {\n      } else {\n        return successResponse( res, status.success, true, messages.transactions.success, response );\n      }\n    } catch (error) {\n      errorResponse(res, 500, 'get transactions error');\n    }\n  }\n}\n"],"mappings":";;;;;;AACA;AACA;AAGwB;AALxB;;AAQA;AACA;AACA;AACA;AACA;AACe,MAAMA,sBAAsB,CAAC;EAC1C;AACF;AACA;AACA;AACA;AACA;AACA;EACE,aAAaC,iBAAiB,CAACC,GAAG,EAAEC,GAAG,EAAE;IACvC,MAAM;MAAEC,EAAE;MAAEC;IAAM,CAAC,GAAGH,GAAG,CAACI,IAAI;IAC9B,IAAI;MACF;MACA,MAAMC,QAAQ,GAAG,MAAMC,eAAM,CAACC,YAAY,CAACC,OAAO,EAAE;MACpD,IAAI,CAACH,QAAQ,EAAE,CACf,CAAC,MAAM;QACL,OAAO,IAAAI,sBAAe,EAAER,GAAG,EAAES,aAAM,CAACC,OAAO,EAAE,IAAI,EAAEC,eAAQ,CAACL,YAAY,CAACI,OAAO,EAAEN,QAAQ,CAAE;MAC9F;IACF,CAAC,CAAC,OAAOQ,KAAK,EAAE;MACd,IAAAC,oBAAa,EAACb,GAAG,EAAE,GAAG,EAAE,wBAAwB,CAAC;IACnD;EACF;AACF;AAAC"},"_coverageSchema":"1a1c01bbd47fc00a2c39e90264f33305004495a9","hash":"8913341874b1b57b34ff04fc24c4033958b3b2f5","contentHash":"4ee4d973c7420906e3a20e9facd2ae0e84110deb5c74a4c6ae05c9e03cb7c3f8"},"/Users/hello/Documents/wizkid/wizkid/src/middlewares/index.js":{"path":"/Users/hello/Documents/wizkid/wizkid/src/middlewares/index.js","statementMap":{"0":{"start":{"line":3,"column":0},"end":{"line":5,"column":3}},"1":{"start":{"line":6,"column":0},"end":{"line":6,"column":25}},"2":{"start":{"line":7,"column":16},"end":{"line":7,"column":61}},"3":{"start":{"line":8,"column":20},"end":{"line":8,"column":69}},"4":{"start":{"line":9,"column":39},"end":{"line":9,"column":93}},"5":{"start":{"line":10,"column":15},"end":{"line":13,"column":1}},"6":{"start":{"line":14,"column":0},"end":{"line":14,"column":27}}},"fnMap":{"0":{"name":"_interopRequireDefault","decl":{"start":{"line":9,"column":9},"end":{"line":9,"column":31}},"loc":{"start":{"line":9,"column":37},"end":{"line":9,"column":95}},"line":9}},"branchMap":{"0":{"loc":{"start":{"line":9,"column":46},"end":{"line":9,"column":92}},"type":"cond-expr","locations":[{"start":{"line":9,"column":70},"end":{"line":9,"column":73}},{"start":{"line":9,"column":76},"end":{"line":9,"column":92}}],"line":9},"1":{"loc":{"start":{"line":9,"column":46},"end":{"line":9,"column":67}},"type":"binary-expr","locations":[{"start":{"line":9,"column":46},"end":{"line":9,"column":49}},{"start":{"line":9,"column":53},"end":{"line":9,"column":67}}],"line":9}},"s":{"0":1,"1":1,"2":1,"3":1,"4":2,"5":1,"6":1},"f":{"0":2},"b":{"0":[2,0],"1":[2,2]},"inputSourceMap":{"version":3,"names":["validate","Authenticate"],"sourceRoot":"/Users/hello/Documents/wizkid/wizkid/src/middlewares/","sources":["index.js"],"sourcesContent":["import validate from './validate';\nimport Authenticate from './authenticate';\n\nexport default {\n  validate,\n  Authenticate\n};"],"mappings":";;;;;;AAAA;AACA;AAA0C;AAAA,eAE3B;EACbA,QAAQ,EAARA,iBAAQ;EACRC,YAAY,EAAZA;AACF,CAAC;AAAA"},"_coverageSchema":"1a1c01bbd47fc00a2c39e90264f33305004495a9","hash":"f64f728c38504135643ea2118fb68378083a59d4","contentHash":"9bae4238beb04d002ee13c050725708202e4c406d5c1ccfb20975dc7ab99b27e"},"/Users/hello/Documents/wizkid/wizkid/src/middlewares/validate.js":{"path":"/Users/hello/Documents/wizkid/wizkid/src/middlewares/validate.js","statementMap":{"0":{"start":{"line":3,"column":0},"end":{"line":5,"column":3}},"1":{"start":{"line":6,"column":0},"end":{"line":6,"column":25}},"2":{"start":{"line":7,"column":24},"end":{"line":7,"column":52}},"3":{"start":{"line":8,"column":18},"end":{"line":8,"column":66}},"4":{"start":{"line":9,"column":39},"end":{"line":9,"column":93}},"5":{"start":{"line":10,"column":15},"end":{"line":25,"column":1}},"6":{"start":{"line":11,"column":16},"end":{"line":11,"column":56}},"7":{"start":{"line":12,"column":2},"end":{"line":24,"column":5}},"8":{"start":{"line":13,"column":19},"end":{"line":13,"column":63}},"9":{"start":{"line":14,"column":24},"end":{"line":14,"column":26}},"10":{"start":{"line":15,"column":4},"end":{"line":17,"column":7}},"11":{"start":{"line":16,"column":6},"end":{"line":16,"column":43}},"12":{"start":{"line":18,"column":4},"end":{"line":22,"column":5}},"13":{"start":{"line":19,"column":6},"end":{"line":21,"column":9}},"14":{"start":{"line":23,"column":4},"end":{"line":23,"column":18}},"15":{"start":{"line":26,"column":0},"end":{"line":26,"column":27}}},"fnMap":{"0":{"name":"_interopRequireDefault","decl":{"start":{"line":9,"column":9},"end":{"line":9,"column":31}},"loc":{"start":{"line":9,"column":37},"end":{"line":9,"column":95}},"line":9},"1":{"name":"(anonymous_1)","decl":{"start":{"line":10,"column":15},"end":{"line":10,"column":16}},"loc":{"start":{"line":10,"column":33},"end":{"line":25,"column":1}},"line":10},"2":{"name":"(anonymous_2)","decl":{"start":{"line":12,"column":20},"end":{"line":12,"column":21}},"loc":{"start":{"line":12,"column":40},"end":{"line":24,"column":3}},"line":12},"3":{"name":"(anonymous_3)","decl":{"start":{"line":15,"column":27},"end":{"line":15,"column":28}},"loc":{"start":{"line":15,"column":36},"end":{"line":17,"column":5}},"line":15}},"branchMap":{"0":{"loc":{"start":{"line":9,"column":46},"end":{"line":9,"column":92}},"type":"cond-expr","locations":[{"start":{"line":9,"column":70},"end":{"line":9,"column":73}},{"start":{"line":9,"column":76},"end":{"line":9,"column":92}}],"line":9},"1":{"loc":{"start":{"line":9,"column":46},"end":{"line":9,"column":67}},"type":"binary-expr","locations":[{"start":{"line":9,"column":46},"end":{"line":9,"column":49}},{"start":{"line":9,"column":53},"end":{"line":9,"column":67}}],"line":9},"2":{"loc":{"start":{"line":18,"column":4},"end":{"line":22,"column":5}},"type":"if","locations":[{"start":{"line":18,"column":4},"end":{"line":22,"column":5}},{"start":{"line":18,"column":4},"end":{"line":22,"column":5}}],"line":18}},"s":{"0":1,"1":1,"2":1,"3":1,"4":1,"5":1,"6":3,"7":3,"8":3,"9":3,"10":3,"11":4,"12":3,"13":1,"14":2,"15":1},"f":{"0":1,"1":3,"2":3,"3":4},"b":{"0":[1,0],"1":[1,1],"2":[1,2]},"inputSourceMap":{"version":3,"names":["validationName","rules","getValidator","req","res","next","errors","validationResult","resErrorMsg","array","forEach","error","param","msg","isEmpty","status","json"],"sourceRoot":"/Users/hello/Documents/wizkid/wizkid/src/middlewares/","sources":["validate.js"],"sourcesContent":["import { validationResult } from 'express-validator';\nimport getValidator from '../validation';\n\nexport default (validationName) => {\n  const rules = getValidator(validationName);\n  return [\n    ...rules,\n    (req, res, next) => {\n      const errors = validationResult(req);\n      const resErrorMsg = {};\n      errors.array().forEach((error) => {\n        resErrorMsg[error.param] = error.msg;\n      });\n      if (!errors.isEmpty()) {\n        return res.status(422).json({ errors: resErrorMsg });\n      }\n      return next();\n    }\n  ];\n};"],"mappings":";;;;;;AAAA;AACA;AAAyC;AAAA,eAEzBA,cAAc,IAAK;EACjC,MAAMC,KAAK,GAAG,IAAAC,mBAAY,EAACF,cAAc,CAAC;EAC1C,OAAO,CACL,GAAGC,KAAK,EACR,CAACE,GAAG,EAAEC,GAAG,EAAEC,IAAI,KAAK;IAClB,MAAMC,MAAM,GAAG,IAAAC,kCAAgB,EAACJ,GAAG,CAAC;IACpC,MAAMK,WAAW,GAAG,CAAC,CAAC;IACtBF,MAAM,CAACG,KAAK,EAAE,CAACC,OAAO,CAAEC,KAAK,IAAK;MAChCH,WAAW,CAACG,KAAK,CAACC,KAAK,CAAC,GAAGD,KAAK,CAACE,GAAG;IACtC,CAAC,CAAC;IACF,IAAI,CAACP,MAAM,CAACQ,OAAO,EAAE,EAAE;MACrB,OAAOV,GAAG,CAACW,MAAM,CAAC,GAAG,CAAC,CAACC,IAAI,CAAC;QAAEV,MAAM,EAAEE;MAAY,CAAC,CAAC;IACtD;IACA,OAAOH,IAAI,EAAE;EACf,CAAC,CACF;AACH,CAAC;AAAA"},"_coverageSchema":"1a1c01bbd47fc00a2c39e90264f33305004495a9","hash":"28031213d730fc97f03503d22d0ba0465f9d11b7","contentHash":"372cc0d61d7037e314908a8a94d6391c4a7d9847af7ff22abb4f110b58756409"},"/Users/hello/Documents/wizkid/wizkid/src/validation/index.js":{"path":"/Users/hello/Documents/wizkid/wizkid/src/validation/index.js","statementMap":{"0":{"start":{"line":3,"column":0},"end":{"line":5,"column":3}},"1":{"start":{"line":6,"column":0},"end":{"line":6,"column":25}},"2":{"start":{"line":7,"column":13},"end":{"line":7,"column":42}},"3":{"start":{"line":8,"column":21},"end":{"line":13,"column":1}},"4":{"start":{"line":9,"column":16},"end":{"line":11,"column":3}},"5":{"start":{"line":12,"column":2},"end":{"line":12,"column":31}},"6":{"start":{"line":14,"column":15},"end":{"line":14,"column":27}},"7":{"start":{"line":15,"column":0},"end":{"line":15,"column":27}}},"fnMap":{"0":{"name":"(anonymous_0)","decl":{"start":{"line":8,"column":21},"end":{"line":8,"column":22}},"loc":{"start":{"line":8,"column":39},"end":{"line":13,"column":1}},"line":8}},"branchMap":{},"s":{"0":1,"1":1,"2":1,"3":1,"4":3,"5":3,"6":1,"7":1},"f":{"0":3},"b":{},"inputSourceMap":{"version":3,"names":["getValidator","validationName","rules","signIn"],"sourceRoot":"/Users/hello/Documents/wizkid/wizkid/src/validation/","sources":["index.js"],"sourcesContent":["import {\n    signIn\n  } from './validators/rules';\n    \n  const getValidator = (validationName) => {\n    const rules = {\n      signIn,\n    };\n    \n    return rules[validationName];\n  };\n    \n  export default getValidator;"],"mappings":";;;;;;AAAA;AAIE,MAAMA,YAAY,GAAIC,cAAc,IAAK;EACvC,MAAMC,KAAK,GAAG;IACZC,MAAM,EAANA;EACF,CAAC;EAED,OAAOD,KAAK,CAACD,cAAc,CAAC;AAC9B,CAAC;AAAC,eAEaD,YAAY;AAAA"},"_coverageSchema":"1a1c01bbd47fc00a2c39e90264f33305004495a9","hash":"13ef750a71dffed39af54113f358e524dcf5fe9e","contentHash":"783aa25594014d149f65231979ee766c0ccd9be3221d03904be89da1ce94f1ba"},"/Users/hello/Documents/wizkid/wizkid/src/validation/validators/rules.js":{"path":"/Users/hello/Documents/wizkid/wizkid/src/validation/validators/rules.js","statementMap":{"0":{"start":{"line":3,"column":0},"end":{"line":5,"column":3}},"1":{"start":{"line":6,"column":0},"end":{"line":6,"column":24}},"2":{"start":{"line":7,"column":24},"end":{"line":7,"column":52}},"3":{"start":{"line":20,"column":18},"end":{"line":20,"column":39}},"4":{"start":{"line":21,"column":15},"end":{"line":23,"column":19}},"5":{"start":{"line":24,"column":0},"end":{"line":24,"column":24}}},"fnMap":{},"branchMap":{},"s":{"0":1,"1":1,"2":1,"3":1,"4":1,"5":1},"f":{},"b":{},"inputSourceMap":{"version":3,"names":["nameRegex","signIn","body","not","isEmpty","isLength","min"],"sourceRoot":"/Users/hello/Documents/wizkid/wizkid/src/validation/validators/","sources":["rules.js"],"sourcesContent":["import { body, param } from 'express-validator';\n\n// add validation rules here.\n\n/* regex description\nthe regex /^[A-Za-z\\-']{2,250}$/\nis made up of a single character set, between\n[], with a quantifier {2,250}\nA-Za-z => matches upper and lowercase alphabets\n\\-' => matches a - and a '\nthe last {2,250} is a quantifier specifying that the character been matched\nshould be > 1 and <= 250\nthe ^ and $ runs the match from the beginning and end of the string\n*/\nconst nameRegex = /^[A-Za-z\\-']{2,20}$/;\n\nexport const signIn = [\n  body('branch', 'branch is invalid, please provide a valid branch')\n    .not()\n    .isEmpty(),\n  body('login_ID', 'login_ID is invalid, please provide a valid login ID/Member Number')\n    .not()\n    .isEmpty(),\n  body('password', 'password should be at least 6 characters')\n    .isLength({ min: 6 })\n    .not()\n    .isEmpty(),\n];"],"mappings":";;;;;;AAAA;AAEA;;AAEA;AACA;AACA;AACA;AACA;AACA;AACA;AACA;AACA;AACA;AACA,MAAMA,SAAS,GAAG,qBAAqB;AAEhC,MAAMC,MAAM,GAAG,CACpB,IAAAC,sBAAI,EAAC,QAAQ,EAAE,kDAAkD,CAAC,CAC/DC,GAAG,EAAE,CACLC,OAAO,EAAE,EACZ,IAAAF,sBAAI,EAAC,UAAU,EAAE,oEAAoE,CAAC,CACnFC,GAAG,EAAE,CACLC,OAAO,EAAE,EACZ,IAAAF,sBAAI,EAAC,UAAU,EAAE,0CAA0C,CAAC,CACzDG,QAAQ,CAAC;EAAEC,GAAG,EAAE;AAAE,CAAC,CAAC,CACpBH,GAAG,EAAE,CACLC,OAAO,EAAE,CACb;AAAC"},"_coverageSchema":"1a1c01bbd47fc00a2c39e90264f33305004495a9","hash":"bba1f66a66fd1e60f73c305f0427829a3a4732c0","contentHash":"84f5424ca4beba87f89f42c0168f3563f7451dd79545e08850479aca37b6ce52"},"/Users/hello/Documents/wizkid/wizkid/src/routes/api/transactions.js":{"path":"/Users/hello/Documents/wizkid/wizkid/src/routes/api/transactions.js","statementMap":{"0":{"start":{"line":3,"column":0},"end":{"line":5,"column":3}},"1":{"start":{"line":6,"column":0},"end":{"line":6,"column":25}},"2":{"start":{"line":7,"column":15},"end":{"line":7,"column":57}},"3":{"start":{"line":8,"column":19},"end":{"line":8,"column":47}},"4":{"start":{"line":9,"column":19},"end":{"line":9,"column":71}},"5":{"start":{"line":10,"column":39},"end":{"line":10,"column":93}},"6":{"start":{"line":14,"column":4},"end":{"line":14,"column":24}},"7":{"start":{"line":17,"column":4},"end":{"line":17,"column":39}},"8":{"start":{"line":18,"column":15},"end":{"line":18,"column":40}},"9":{"start":{"line":19,"column":0},"end":{"line":19,"column":66}},"10":{"start":{"line":20,"column":15},"end":{"line":20,"column":21}},"11":{"start":{"line":21,"column":0},"end":{"line":21,"column":27}}},"fnMap":{"0":{"name":"_interopRequireDefault","decl":{"start":{"line":10,"column":9},"end":{"line":10,"column":31}},"loc":{"start":{"line":10,"column":37},"end":{"line":10,"column":95}},"line":10}},"branchMap":{"0":{"loc":{"start":{"line":10,"column":46},"end":{"line":10,"column":92}},"type":"cond-expr","locations":[{"start":{"line":10,"column":70},"end":{"line":10,"column":73}},{"start":{"line":10,"column":76},"end":{"line":10,"column":92}}],"line":10},"1":{"loc":{"start":{"line":10,"column":46},"end":{"line":10,"column":67}},"type":"binary-expr","locations":[{"start":{"line":10,"column":46},"end":{"line":10,"column":49}},{"start":{"line":10,"column":53},"end":{"line":10,"column":67}}],"line":10}},"s":{"0":1,"1":1,"2":1,"3":1,"4":1,"5":2,"6":1,"7":1,"8":1,"9":1,"10":1,"11":1},"f":{"0":2},"b":{"0":[1,1],"1":[2,2]},"inputSourceMap":{"version":3,"names":["Authenticate","validate","middleware","fetchTransactions","TransactionsController","router","express","Router","get","verifyToken"],"sourceRoot":"/Users/hello/Documents/wizkid/wizkid/src/routes/api/","sources":["transactions.js"],"sourcesContent":["import express from 'express';\nimport { TransactionsController } from '../../controllers';\nimport middleware from '../../middlewares';\n\nconst { Authenticate, validate } = middleware;\n\nconst {\n  fetchTransactions\n} = TransactionsController;\n\nconst router = express.Router();\n\nrouter.get('/fetch', Authenticate.verifyToken, fetchTransactions);\n\nexport default router;"],"mappings":";;;;;;AAAA;AACA;AACA;AAA2C;AAE3C,MAAM;EAAEA,YAAY;EAAEC;AAAS,CAAC,GAAGC,oBAAU;AAE7C,MAAM;EACJC;AACF,CAAC,GAAGC,mCAAsB;AAE1B,MAAMC,MAAM,GAAGC,gBAAO,CAACC,MAAM,EAAE;AAE/BF,MAAM,CAACG,GAAG,CAAC,QAAQ,EAAER,YAAY,CAACS,WAAW,EAAEN,iBAAiB,CAAC;AAAC,eAEnDE,MAAM;AAAA"},"_coverageSchema":"1a1c01bbd47fc00a2c39e90264f33305004495a9","hash":"e47b92082465ffc3af9f5bbd92988c8f83e73ba2","contentHash":"0ae460cb7d519f4ff95478259618685f4c8a17c4f08357000ce3bacf65ecd22a"}}